<?xml version="1.0" encoding="UTF-8"?>
<testng-results ignored="0" total="24" passed="21" failed="3" skipped="0">
  <reporter-output>
  </reporter-output>
  <suite started-at="2023-03-13T10:51:41 IST" name="Suite" finished-at="2023-03-13T10:52:49 IST" duration-ms="67634">
    <groups>
    </groups>
    <test started-at="2023-03-13T10:51:41 IST" name="ChromeBrowser" finished-at="2023-03-13T10:52:01 IST" duration-ms="20170">
      <class name="AakashVeloity.HomePageTestAakash">
        <test-method is-config="true" signature="launchBrowser(java.lang.String)[pri:0, instance:AakashVeloity.HomePageTestAakash@47eaca72]" started-at="2023-03-13T10:51:41 IST" name="launchBrowser" finished-at="2023-03-13T10:51:43 IST" duration-ms="1836" status="PASS">
          <params>
            <param index="0">
              <value>
                <![CDATA[Chrome]]>
              </value>
            </param>
          </params>
          <reporter-output>
          </reporter-output>
        </test-method> <!-- launchBrowser -->
        <test-method is-config="true" signature="createPOMObject()[pri:0, instance:AakashVeloity.HomePageTestAakash@47eaca72]" started-at="2023-03-13T10:51:44 IST" name="createPOMObject" finished-at="2023-03-13T10:51:44 IST" duration-ms="50" status="PASS">
          <reporter-output>
          </reporter-output>
        </test-method> <!-- createPOMObject -->
        <test-method is-config="true" signature="SetUp()[pri:0, instance:AakashVeloity.HomePageTestAakash@47eaca72]" started-at="2023-03-13T10:51:44 IST" name="SetUp" finished-at="2023-03-13T10:51:46 IST" duration-ms="2196" status="PASS">
          <reporter-output>
          </reporter-output>
        </test-method> <!-- SetUp -->
        <test-method signature="homepageTitleTest()[pri:1, instance:AakashVeloity.HomePageTestAakash@47eaca72]" started-at="2023-03-13T10:51:46 IST" name="homepageTitleTest" finished-at="2023-03-13T10:51:46 IST" duration-ms="30" status="PASS">
          <reporter-output>
          </reporter-output>
        </test-method> <!-- homepageTitleTest -->
        <test-method is-config="true" signature="logout(org.testng.ITestResult)[pri:0, instance:AakashVeloity.HomePageTestAakash@47eaca72]" started-at="2023-03-13T10:51:46 IST" name="logout" finished-at="2023-03-13T10:51:49 IST" duration-ms="2534" status="PASS">
          <params>
            <param index="0">
              <value>
                <![CDATA[[TestResult name=homepageTitleTest status=SUCCESS method=HomePageTestAakash.homepageTitleTest()[pri:1, instance:AakashVeloity.HomePageTestAakash@47eaca72] output={null}]]]>
              </value>
            </param>
          </params>
          <reporter-output>
          </reporter-output>
        </test-method> <!-- logout -->
        <test-method is-config="true" signature="SetUp()[pri:0, instance:AakashVeloity.HomePageTestAakash@47eaca72]" started-at="2023-03-13T10:51:49 IST" name="SetUp" finished-at="2023-03-13T10:51:50 IST" duration-ms="1027" status="PASS">
          <reporter-output>
          </reporter-output>
        </test-method> <!-- SetUp -->
        <test-method signature="homePageURL()[pri:2, instance:AakashVeloity.HomePageTestAakash@47eaca72]" started-at="2023-03-13T10:51:50 IST" name="homePageURL" finished-at="2023-03-13T10:51:50 IST" duration-ms="30" status="PASS">
          <reporter-output>
          </reporter-output>
        </test-method> <!-- homePageURL -->
        <test-method is-config="true" signature="logout(org.testng.ITestResult)[pri:0, instance:AakashVeloity.HomePageTestAakash@47eaca72]" started-at="2023-03-13T10:51:50 IST" name="logout" finished-at="2023-03-13T10:51:52 IST" duration-ms="2287" status="PASS">
          <params>
            <param index="0">
              <value>
                <![CDATA[[TestResult name=homePageURL status=SUCCESS method=HomePageTestAakash.homePageURL()[pri:2, instance:AakashVeloity.HomePageTestAakash@47eaca72] output={null}]]]>
              </value>
            </param>
          </params>
          <reporter-output>
          </reporter-output>
        </test-method> <!-- logout -->
        <test-method is-config="true" signature="SetUp()[pri:0, instance:AakashVeloity.HomePageTestAakash@47eaca72]" started-at="2023-03-13T10:51:52 IST" name="SetUp" finished-at="2023-03-13T10:51:53 IST" duration-ms="713" status="PASS">
          <reporter-output>
          </reporter-output>
        </test-method> <!-- SetUp -->
        <test-method signature="logoTest()[pri:3, instance:AakashVeloity.HomePageTestAakash@47eaca72]" started-at="2023-03-13T10:51:53 IST" name="logoTest" finished-at="2023-03-13T10:51:53 IST" duration-ms="172" status="PASS">
          <reporter-output>
          </reporter-output>
        </test-method> <!-- logoTest -->
        <test-method is-config="true" signature="logout(org.testng.ITestResult)[pri:0, instance:AakashVeloity.HomePageTestAakash@47eaca72]" started-at="2023-03-13T10:51:53 IST" name="logout" finished-at="2023-03-13T10:51:55 IST" duration-ms="2111" status="PASS">
          <params>
            <param index="0">
              <value>
                <![CDATA[[TestResult name=logoTest status=SUCCESS method=HomePageTestAakash.logoTest()[pri:3, instance:AakashVeloity.HomePageTestAakash@47eaca72] output={null}]]]>
              </value>
            </param>
          </params>
          <reporter-output>
          </reporter-output>
        </test-method> <!-- logout -->
        <test-method is-config="true" signature="SetUp()[pri:0, instance:AakashVeloity.HomePageTestAakash@47eaca72]" started-at="2023-03-13T10:51:55 IST" name="SetUp" finished-at="2023-03-13T10:51:55 IST" duration-ms="441" status="PASS">
          <reporter-output>
          </reporter-output>
        </test-method> <!-- SetUp -->
        <test-method signature="addToCartCart()[pri:4, instance:AakashVeloity.HomePageTestAakash@47eaca72]" started-at="2023-03-13T10:51:55 IST" name="addToCartCart" finished-at="2023-03-13T10:51:56 IST" duration-ms="290" status="PASS">
          <reporter-output>
          </reporter-output>
        </test-method> <!-- addToCartCart -->
        <test-method is-config="true" signature="logout(org.testng.ITestResult)[pri:0, instance:AakashVeloity.HomePageTestAakash@47eaca72]" started-at="2023-03-13T10:51:56 IST" name="logout" finished-at="2023-03-13T10:51:58 IST" duration-ms="2136" status="PASS">
          <params>
            <param index="0">
              <value>
                <![CDATA[[TestResult name=addToCartCart status=SUCCESS method=HomePageTestAakash.addToCartCart()[pri:4, instance:AakashVeloity.HomePageTestAakash@47eaca72] output={null}]]]>
              </value>
            </param>
          </params>
          <reporter-output>
          </reporter-output>
        </test-method> <!-- logout -->
        <test-method is-config="true" signature="SetUp()[pri:0, instance:AakashVeloity.HomePageTestAakash@47eaca72]" started-at="2023-03-13T10:51:58 IST" name="SetUp" finished-at="2023-03-13T10:51:58 IST" duration-ms="506" status="PASS">
          <reporter-output>
          </reporter-output>
        </test-method> <!-- SetUp -->
        <test-method signature="clickCart()[pri:5, instance:AakashVeloity.HomePageTestAakash@47eaca72]" started-at="2023-03-13T10:51:58 IST" name="clickCart" finished-at="2023-03-13T10:51:59 IST" duration-ms="431" status="PASS">
          <reporter-output>
          </reporter-output>
        </test-method> <!-- clickCart -->
        <test-method is-config="true" signature="logout(org.testng.ITestResult)[pri:0, instance:AakashVeloity.HomePageTestAakash@47eaca72]" started-at="2023-03-13T10:51:59 IST" name="logout" finished-at="2023-03-13T10:52:01 IST" duration-ms="2099" status="PASS">
          <params>
            <param index="0">
              <value>
                <![CDATA[[TestResult name=clickCart status=SUCCESS method=HomePageTestAakash.clickCart()[pri:5, instance:AakashVeloity.HomePageTestAakash@47eaca72] output={null}]]]>
              </value>
            </param>
          </params>
          <reporter-output>
          </reporter-output>
        </test-method> <!-- logout -->
        <test-method is-config="true" signature="clearObjects()[pri:0, instance:AakashVeloity.HomePageTestAakash@47eaca72]" started-at="2023-03-13T10:52:01 IST" name="clearObjects" finished-at="2023-03-13T10:52:01 IST" duration-ms="2" status="PASS">
          <reporter-output>
          </reporter-output>
        </test-method> <!-- clearObjects -->
        <test-method is-config="true" signature="CloseBrowser()[pri:0, instance:AakashVeloity.HomePageTestAakash@47eaca72]" started-at="2023-03-13T10:52:01 IST" name="CloseBrowser" finished-at="2023-03-13T10:52:01 IST" duration-ms="204" status="PASS">
          <reporter-output>
          </reporter-output>
        </test-method> <!-- CloseBrowser -->
      </class> <!-- AakashVeloity.HomePageTestAakash -->
      <class name="AakashVeloity.LoginPageTestAakash">
        <test-method is-config="true" signature="launchBrowser(java.lang.String)[pri:0, instance:AakashVeloity.LoginPageTestAakash@7c7b252e]" started-at="2023-03-13T10:51:43 IST" name="launchBrowser" finished-at="2023-03-13T10:51:44 IST" duration-ms="779" status="PASS">
          <params>
            <param index="0">
              <value>
                <![CDATA[Chrome]]>
              </value>
            </param>
          </params>
          <reporter-output>
          </reporter-output>
        </test-method> <!-- launchBrowser -->
        <test-method is-config="true" signature="createPOMObject()[pri:0, instance:AakashVeloity.LoginPageTestAakash@7c7b252e]" started-at="2023-03-13T10:51:44 IST" name="createPOMObject" finished-at="2023-03-13T10:51:44 IST" duration-ms="46" status="PASS">
          <reporter-output>
          </reporter-output>
        </test-method> <!-- createPOMObject -->
        <test-method is-config="true" signature="SetUp()[pri:0, instance:AakashVeloity.LoginPageTestAakash@7c7b252e]" started-at="2023-03-13T10:51:44 IST" name="SetUp" finished-at="2023-03-13T10:51:46 IST" duration-ms="2196" status="PASS">
          <reporter-output>
          </reporter-output>
        </test-method> <!-- SetUp -->
        <test-method signature="loginBtText()[pri:0, instance:AakashVeloity.LoginPageTestAakash@7c7b252e]" started-at="2023-03-13T10:51:46 IST" name="loginBtText" finished-at="2023-03-13T10:51:47 IST" duration-ms="583" status="PASS">
          <reporter-output>
          </reporter-output>
        </test-method> <!-- loginBtText -->
        <test-method is-config="true" signature="logout(org.testng.ITestResult)[pri:0, instance:AakashVeloity.LoginPageTestAakash@7c7b252e]" started-at="2023-03-13T10:51:47 IST" name="logout" finished-at="2023-03-13T10:51:49 IST" duration-ms="2169" status="PASS">
          <params>
            <param index="0">
              <value>
                <![CDATA[[TestResult name=loginBtText status=SUCCESS method=LoginPageTestAakash.loginBtText()[pri:0, instance:AakashVeloity.LoginPageTestAakash@7c7b252e] output={null}]]]>
              </value>
            </param>
          </params>
          <reporter-output>
          </reporter-output>
        </test-method> <!-- logout -->
        <test-method is-config="true" signature="SetUp()[pri:0, instance:AakashVeloity.LoginPageTestAakash@7c7b252e]" started-at="2023-03-13T10:51:49 IST" name="SetUp" finished-at="2023-03-13T10:51:50 IST" duration-ms="861" status="PASS">
          <reporter-output>
          </reporter-output>
        </test-method> <!-- SetUp -->
        <test-method signature="loginpageTitleTest()[pri:1, instance:AakashVeloity.LoginPageTestAakash@7c7b252e]" started-at="2023-03-13T10:51:50 IST" name="loginpageTitleTest" finished-at="2023-03-13T10:51:50 IST" duration-ms="20" status="PASS">
          <reporter-output>
          </reporter-output>
        </test-method> <!-- loginpageTitleTest -->
        <test-method is-config="true" signature="logout(org.testng.ITestResult)[pri:0, instance:AakashVeloity.LoginPageTestAakash@7c7b252e]" started-at="2023-03-13T10:51:50 IST" name="logout" finished-at="2023-03-13T10:51:52 IST" duration-ms="2263" status="PASS">
          <params>
            <param index="0">
              <value>
                <![CDATA[[TestResult name=loginpageTitleTest status=SUCCESS method=LoginPageTestAakash.loginpageTitleTest()[pri:1, instance:AakashVeloity.LoginPageTestAakash@7c7b252e] output={null}]]]>
              </value>
            </param>
          </params>
          <reporter-output>
          </reporter-output>
        </test-method> <!-- logout -->
        <test-method is-config="true" signature="SetUp()[pri:0, instance:AakashVeloity.LoginPageTestAakash@7c7b252e]" started-at="2023-03-13T10:51:52 IST" name="SetUp" finished-at="2023-03-13T10:51:53 IST" duration-ms="663" status="PASS">
          <reporter-output>
          </reporter-output>
        </test-method> <!-- SetUp -->
        <test-method signature="loginPageURL()[pri:2, instance:AakashVeloity.LoginPageTestAakash@7c7b252e]" started-at="2023-03-13T10:51:53 IST" name="loginPageURL" finished-at="2023-03-13T10:51:53 IST" duration-ms="13" status="PASS">
          <reporter-output>
          </reporter-output>
        </test-method> <!-- loginPageURL -->
        <test-method is-config="true" signature="logout(org.testng.ITestResult)[pri:0, instance:AakashVeloity.LoginPageTestAakash@7c7b252e]" started-at="2023-03-13T10:51:53 IST" name="logout" finished-at="2023-03-13T10:51:55 IST" duration-ms="2256" status="PASS">
          <params>
            <param index="0">
              <value>
                <![CDATA[[TestResult name=loginPageURL status=SUCCESS method=LoginPageTestAakash.loginPageURL()[pri:2, instance:AakashVeloity.LoginPageTestAakash@7c7b252e] output={null}]]]>
              </value>
            </param>
          </params>
          <reporter-output>
          </reporter-output>
        </test-method> <!-- logout -->
        <test-method is-config="true" signature="clearObjects()[pri:0, instance:AakashVeloity.LoginPageTestAakash@7c7b252e]" started-at="2023-03-13T10:51:55 IST" name="clearObjects" finished-at="2023-03-13T10:51:55 IST" duration-ms="0" status="PASS">
          <reporter-output>
          </reporter-output>
        </test-method> <!-- clearObjects -->
        <test-method is-config="true" signature="CloseBrowser()[pri:0, instance:AakashVeloity.LoginPageTestAakash@7c7b252e]" started-at="2023-03-13T10:52:01 IST" name="CloseBrowser" finished-at="2023-03-13T10:52:01 IST" duration-ms="235" status="PASS">
          <reporter-output>
          </reporter-output>
        </test-method> <!-- CloseBrowser -->
      </class> <!-- AakashVeloity.LoginPageTestAakash -->
    </test> <!-- ChromeBrowser -->
    <test started-at="2023-03-13T10:52:01 IST" name="FirefoxTest" finished-at="2023-03-13T10:52:29 IST" duration-ms="27247">
      <class name="AakashVeloity.HomePageTestAakash">
        <test-method is-config="true" signature="launchBrowser(java.lang.String)[pri:0, instance:AakashVeloity.HomePageTestAakash@5b12b668]" started-at="2023-03-13T10:52:01 IST" name="launchBrowser" finished-at="2023-03-13T10:52:04 IST" duration-ms="2908" status="PASS">
          <params>
            <param index="0">
              <value>
                <![CDATA[Firefox]]>
              </value>
            </param>
          </params>
          <reporter-output>
          </reporter-output>
        </test-method> <!-- launchBrowser -->
        <test-method is-config="true" signature="createPOMObject()[pri:0, instance:AakashVeloity.HomePageTestAakash@5b12b668]" started-at="2023-03-13T10:52:06 IST" name="createPOMObject" finished-at="2023-03-13T10:52:06 IST" duration-ms="1" status="PASS">
          <reporter-output>
          </reporter-output>
        </test-method> <!-- createPOMObject -->
        <test-method is-config="true" signature="SetUp()[pri:0, instance:AakashVeloity.HomePageTestAakash@5b12b668]" started-at="2023-03-13T10:52:06 IST" name="SetUp" finished-at="2023-03-13T10:52:09 IST" duration-ms="2186" status="PASS">
          <reporter-output>
          </reporter-output>
        </test-method> <!-- SetUp -->
        <test-method signature="homepageTitleTest()[pri:1, instance:AakashVeloity.HomePageTestAakash@5b12b668]" started-at="2023-03-13T10:52:09 IST" name="homepageTitleTest" finished-at="2023-03-13T10:52:09 IST" duration-ms="5" status="PASS">
          <reporter-output>
          </reporter-output>
        </test-method> <!-- homepageTitleTest -->
        <test-method is-config="true" signature="logout(org.testng.ITestResult)[pri:0, instance:AakashVeloity.HomePageTestAakash@5b12b668]" started-at="2023-03-13T10:52:09 IST" name="logout" finished-at="2023-03-13T10:52:11 IST" duration-ms="2341" status="PASS">
          <params>
            <param index="0">
              <value>
                <![CDATA[[TestResult name=homepageTitleTest status=SUCCESS method=HomePageTestAakash.homepageTitleTest()[pri:1, instance:AakashVeloity.HomePageTestAakash@5b12b668] output={null}]]]>
              </value>
            </param>
          </params>
          <reporter-output>
          </reporter-output>
        </test-method> <!-- logout -->
        <test-method is-config="true" signature="SetUp()[pri:0, instance:AakashVeloity.HomePageTestAakash@5b12b668]" started-at="2023-03-13T10:52:11 IST" name="SetUp" finished-at="2023-03-13T10:52:12 IST" duration-ms="610" status="PASS">
          <reporter-output>
          </reporter-output>
        </test-method> <!-- SetUp -->
        <test-method signature="homePageURL()[pri:2, instance:AakashVeloity.HomePageTestAakash@5b12b668]" started-at="2023-03-13T10:52:12 IST" name="homePageURL" finished-at="2023-03-13T10:52:12 IST" duration-ms="5" status="FAIL">
          <exception class="java.lang.AssertionError">
            <message>
              <![CDATA[The following asserts failed:
expected [https://rahulshettyacademy.com/client/auth/login] but found [https://rahulshettyacademy.com/client/dashboard/dash]]]>
            </message>
            <full-stacktrace>
              <![CDATA[java.lang.AssertionError: The following asserts failed:
expected [https://rahulshettyacademy.com/client/auth/login] but found [https://rahulshettyacademy.com/client/dashboard/dash]
at org.testng.asserts.SoftAssert.assertAll(SoftAssert.java:47)
at org.testng.asserts.SoftAssert.assertAll(SoftAssert.java:31)
at AakashVeloity.HomePageTestAakash.homePageURL(HomePageTestAakash.java:96)
at java.base/jdk.internal.reflect.DirectMethodHandleAccessor.invoke(DirectMethodHandleAccessor.java:104)
at java.base/java.lang.reflect.Method.invoke(Method.java:578)
at org.testng.internal.MethodInvocationHelper.invokeMethod(MethodInvocationHelper.java:133)
at org.testng.internal.TestInvoker.invokeMethod(TestInvoker.java:598)
at org.testng.internal.TestInvoker.invokeTestMethod(TestInvoker.java:173)
at org.testng.internal.MethodRunner.runInSequence(MethodRunner.java:46)
at org.testng.internal.TestInvoker$MethodInvocationAgent.invoke(TestInvoker.java:824)
at org.testng.internal.TestInvoker.invokeTestMethods(TestInvoker.java:146)
at org.testng.internal.TestMethodWorker.invokeTestMethods(TestMethodWorker.java:146)
at org.testng.internal.TestMethodWorker.run(TestMethodWorker.java:128)
at java.base/java.util.concurrent.ThreadPoolExecutor.runWorker(ThreadPoolExecutor.java:1144)
at java.base/java.util.concurrent.ThreadPoolExecutor$Worker.run(ThreadPoolExecutor.java:642)
at java.base/java.lang.Thread.run(Thread.java:1589)
]]>
            </full-stacktrace>
          </exception> <!-- java.lang.AssertionError -->
          <reporter-output>
          </reporter-output>
        </test-method> <!-- homePageURL -->
        <test-method is-config="true" signature="logout(org.testng.ITestResult)[pri:0, instance:AakashVeloity.HomePageTestAakash@5b12b668]" started-at="2023-03-13T10:52:12 IST" name="logout" finished-at="2023-03-13T10:52:14 IST" duration-ms="2348" status="PASS">
          <params>
            <param index="0">
              <value>
                <![CDATA[[TestResult name=homePageURL status=FAILURE method=HomePageTestAakash.homePageURL()[pri:2, instance:AakashVeloity.HomePageTestAakash@5b12b668] output={null}]]]>
              </value>
            </param>
          </params>
          <reporter-output>
          </reporter-output>
        </test-method> <!-- logout -->
        <test-method is-config="true" signature="SetUp()[pri:0, instance:AakashVeloity.HomePageTestAakash@5b12b668]" started-at="2023-03-13T10:52:14 IST" name="SetUp" finished-at="2023-03-13T10:52:15 IST" duration-ms="553" status="PASS">
          <reporter-output>
          </reporter-output>
        </test-method> <!-- SetUp -->
        <test-method signature="logoTest()[pri:3, instance:AakashVeloity.HomePageTestAakash@5b12b668]" started-at="2023-03-13T10:52:15 IST" name="logoTest" finished-at="2023-03-13T10:52:15 IST" duration-ms="20" status="PASS">
          <reporter-output>
          </reporter-output>
        </test-method> <!-- logoTest -->
        <test-method is-config="true" signature="logout(org.testng.ITestResult)[pri:0, instance:AakashVeloity.HomePageTestAakash@5b12b668]" started-at="2023-03-13T10:52:15 IST" name="logout" finished-at="2023-03-13T10:52:17 IST" duration-ms="2288" status="PASS">
          <params>
            <param index="0">
              <value>
                <![CDATA[[TestResult name=logoTest status=SUCCESS method=HomePageTestAakash.logoTest()[pri:3, instance:AakashVeloity.HomePageTestAakash@5b12b668] output={null}]]]>
              </value>
            </param>
          </params>
          <reporter-output>
          </reporter-output>
        </test-method> <!-- logout -->
        <test-method is-config="true" signature="SetUp()[pri:0, instance:AakashVeloity.HomePageTestAakash@5b12b668]" started-at="2023-03-13T10:52:17 IST" name="SetUp" finished-at="2023-03-13T10:52:17 IST" duration-ms="523" status="PASS">
          <reporter-output>
          </reporter-output>
        </test-method> <!-- SetUp -->
        <test-method signature="addToCartCart()[pri:4, instance:AakashVeloity.HomePageTestAakash@5b12b668]" started-at="2023-03-13T10:52:17 IST" name="addToCartCart" finished-at="2023-03-13T10:52:18 IST" duration-ms="309" status="PASS">
          <reporter-output>
          </reporter-output>
        </test-method> <!-- addToCartCart -->
        <test-method is-config="true" signature="logout(org.testng.ITestResult)[pri:0, instance:AakashVeloity.HomePageTestAakash@5b12b668]" started-at="2023-03-13T10:52:18 IST" name="logout" finished-at="2023-03-13T10:52:20 IST" duration-ms="2305" status="PASS">
          <params>
            <param index="0">
              <value>
                <![CDATA[[TestResult name=addToCartCart status=SUCCESS method=HomePageTestAakash.addToCartCart()[pri:4, instance:AakashVeloity.HomePageTestAakash@5b12b668] output={null}]]]>
              </value>
            </param>
          </params>
          <reporter-output>
          </reporter-output>
        </test-method> <!-- logout -->
        <test-method is-config="true" signature="SetUp()[pri:0, instance:AakashVeloity.HomePageTestAakash@5b12b668]" started-at="2023-03-13T10:52:20 IST" name="SetUp" finished-at="2023-03-13T10:52:21 IST" duration-ms="507" status="PASS">
          <reporter-output>
          </reporter-output>
        </test-method> <!-- SetUp -->
        <test-method signature="clickCart()[pri:5, instance:AakashVeloity.HomePageTestAakash@5b12b668]" started-at="2023-03-13T10:52:21 IST" name="clickCart" finished-at="2023-03-13T10:52:21 IST" duration-ms="260" status="PASS">
          <reporter-output>
          </reporter-output>
        </test-method> <!-- clickCart -->
        <test-method is-config="true" signature="logout(org.testng.ITestResult)[pri:0, instance:AakashVeloity.HomePageTestAakash@5b12b668]" started-at="2023-03-13T10:52:21 IST" name="logout" finished-at="2023-03-13T10:52:23 IST" duration-ms="2326" status="PASS">
          <params>
            <param index="0">
              <value>
                <![CDATA[[TestResult name=clickCart status=SUCCESS method=HomePageTestAakash.clickCart()[pri:5, instance:AakashVeloity.HomePageTestAakash@5b12b668] output={null}]]]>
              </value>
            </param>
          </params>
          <reporter-output>
          </reporter-output>
        </test-method> <!-- logout -->
        <test-method is-config="true" signature="clearObjects()[pri:0, instance:AakashVeloity.HomePageTestAakash@5b12b668]" started-at="2023-03-13T10:52:23 IST" name="clearObjects" finished-at="2023-03-13T10:52:23 IST" duration-ms="0" status="PASS">
          <reporter-output>
          </reporter-output>
        </test-method> <!-- clearObjects -->
        <test-method is-config="true" signature="CloseBrowser()[pri:0, instance:AakashVeloity.HomePageTestAakash@5b12b668]" started-at="2023-03-13T10:52:27 IST" name="CloseBrowser" finished-at="2023-03-13T10:52:28 IST" duration-ms="895" status="PASS">
          <reporter-output>
          </reporter-output>
        </test-method> <!-- CloseBrowser -->
      </class> <!-- AakashVeloity.HomePageTestAakash -->
      <class name="AakashVeloity.LoginPageTestAakash">
        <test-method is-config="true" signature="launchBrowser(java.lang.String)[pri:0, instance:AakashVeloity.LoginPageTestAakash@327514f]" started-at="2023-03-13T10:52:04 IST" name="launchBrowser" finished-at="2023-03-13T10:52:06 IST" duration-ms="2293" status="PASS">
          <params>
            <param index="0">
              <value>
                <![CDATA[Firefox]]>
              </value>
            </param>
          </params>
          <reporter-output>
          </reporter-output>
        </test-method> <!-- launchBrowser -->
        <test-method is-config="true" signature="createPOMObject()[pri:0, instance:AakashVeloity.LoginPageTestAakash@327514f]" started-at="2023-03-13T10:52:06 IST" name="createPOMObject" finished-at="2023-03-13T10:52:06 IST" duration-ms="1" status="PASS">
          <reporter-output>
          </reporter-output>
        </test-method> <!-- createPOMObject -->
        <test-method is-config="true" signature="SetUp()[pri:0, instance:AakashVeloity.LoginPageTestAakash@327514f]" started-at="2023-03-13T10:52:06 IST" name="SetUp" finished-at="2023-03-13T10:52:09 IST" duration-ms="2228" status="PASS">
          <reporter-output>
          </reporter-output>
        </test-method> <!-- SetUp -->
        <test-method signature="loginBtText()[pri:0, instance:AakashVeloity.LoginPageTestAakash@327514f]" started-at="2023-03-13T10:52:09 IST" name="loginBtText" finished-at="2023-03-13T10:52:19 IST" duration-ms="10059" status="FAIL">
          <exception class="org.openqa.selenium.NoSuchElementException">
            <message>
              <![CDATA[Unable to locate element: //input[@name='login']
For documentation on this error, please visit: https://selenium.dev/exceptions/#no_such_element
Build info: version: '4.6.0', revision: '79f1c02ae20'
System info: os.name: 'Windows 11', os.arch: 'amd64', os.version: '10.0', java.version: '19.0.1'
Driver info: org.openqa.selenium.firefox.FirefoxDriver
Command: [52344051-99bf-4adf-a5bd-3e45b7607d0a, findElement {using=xpath, value=//input[@name='login']}]
Capabilities {acceptInsecureCerts: true, browserName: firefox, browserVersion: 110.0.1, moz:accessibilityChecks: false, moz:buildID: 20230227191043, moz:debuggerAddress: 127.0.0.1:9946, moz:geckodriverVersion: 0.32.2, moz:headless: false, moz:platformVersion: 10.0, moz:processID: 10920, moz:profile: C:\Users\jumal\AppData\Loca..., moz:shutdownTimeout: 60000, moz:useNonSpecCompliantPointerOrigin: false, moz:webdriverClick: true, moz:windowless: false, pageLoadStrategy: normal, platformName: WINDOWS, proxy: Proxy(), se:cdp: ws://127.0.0.1:9946/devtool..., se:cdpVersion: 85.0, setWindowRect: true, strictFileInteractability: false, timeouts: {implicit: 0, pageLoad: 300000, script: 30000}, unhandledPromptBehavior: dismiss and notify}
Session ID: 52344051-99bf-4adf-a5bd-3e45b7607d0a]]>
            </message>
            <full-stacktrace>
              <![CDATA[org.openqa.selenium.NoSuchElementException: Unable to locate element: //input[@name='login']
For documentation on this error, please visit: https://selenium.dev/exceptions/#no_such_element
Build info: version: '4.6.0', revision: '79f1c02ae20'
System info: os.name: 'Windows 11', os.arch: 'amd64', os.version: '10.0', java.version: '19.0.1'
Driver info: org.openqa.selenium.firefox.FirefoxDriver
Command: [52344051-99bf-4adf-a5bd-3e45b7607d0a, findElement {using=xpath, value=//input[@name='login']}]
Capabilities {acceptInsecureCerts: true, browserName: firefox, browserVersion: 110.0.1, moz:accessibilityChecks: false, moz:buildID: 20230227191043, moz:debuggerAddress: 127.0.0.1:9946, moz:geckodriverVersion: 0.32.2, moz:headless: false, moz:platformVersion: 10.0, moz:processID: 10920, moz:profile: C:\Users\jumal\AppData\Loca..., moz:shutdownTimeout: 60000, moz:useNonSpecCompliantPointerOrigin: false, moz:webdriverClick: true, moz:windowless: false, pageLoadStrategy: normal, platformName: WINDOWS, proxy: Proxy(), se:cdp: ws://127.0.0.1:9946/devtool..., se:cdpVersion: 85.0, setWindowRect: true, strictFileInteractability: false, timeouts: {implicit: 0, pageLoad: 300000, script: 30000}, unhandledPromptBehavior: dismiss and notify}
Session ID: 52344051-99bf-4adf-a5bd-3e45b7607d0a
at java.base/jdk.internal.reflect.DirectConstructorHandleAccessor.newInstance(DirectConstructorHandleAccessor.java:67)
at java.base/java.lang.reflect.Constructor.newInstanceWithCaller(Constructor.java:500)
at java.base/java.lang.reflect.Constructor.newInstance(Constructor.java:484)
at org.openqa.selenium.remote.codec.w3c.W3CHttpResponseCodec.createException(W3CHttpResponseCodec.java:200)
at org.openqa.selenium.remote.codec.w3c.W3CHttpResponseCodec.decode(W3CHttpResponseCodec.java:133)
at org.openqa.selenium.remote.codec.w3c.W3CHttpResponseCodec.decode(W3CHttpResponseCodec.java:53)
at org.openqa.selenium.remote.HttpCommandExecutor.execute(HttpCommandExecutor.java:184)
at org.openqa.selenium.remote.service.DriverCommandExecutor.invokeExecute(DriverCommandExecutor.java:167)
at org.openqa.selenium.remote.service.DriverCommandExecutor.execute(DriverCommandExecutor.java:142)
at org.openqa.selenium.remote.RemoteWebDriver.execute(RemoteWebDriver.java:541)
at org.openqa.selenium.remote.ElementLocation$ElementFinder$2.findElement(ElementLocation.java:162)
at org.openqa.selenium.remote.ElementLocation.findElement(ElementLocation.java:60)
at org.openqa.selenium.remote.RemoteWebDriver.findElement(RemoteWebDriver.java:365)
at org.openqa.selenium.remote.RemoteWebDriver.findElement(RemoteWebDriver.java:357)
at org.openqa.selenium.support.pagefactory.DefaultElementLocator.findElement(DefaultElementLocator.java:70)
at org.openqa.selenium.support.pagefactory.internal.LocatingElementHandler.invoke(LocatingElementHandler.java:39)
at jdk.proxy2/jdk.proxy2.$Proxy22.getAttribute(Unknown Source)
at com.crm.qa.pages.LoginPage2.validateLoginbtText(LoginPage2.java:57)
at AakashVeloity.LoginPageTestAakash.loginBtText(LoginPageTestAakash.java:88)
at java.base/jdk.internal.reflect.DirectMethodHandleAccessor.invoke(DirectMethodHandleAccessor.java:104)
at java.base/java.lang.reflect.Method.invoke(Method.java:578)
at org.testng.internal.MethodInvocationHelper.invokeMethod(MethodInvocationHelper.java:133)
at org.testng.internal.TestInvoker.invokeMethod(TestInvoker.java:598)
at org.testng.internal.TestInvoker.invokeTestMethod(TestInvoker.java:173)
at org.testng.internal.MethodRunner.runInSequence(MethodRunner.java:46)
at org.testng.internal.TestInvoker$MethodInvocationAgent.invoke(TestInvoker.java:824)
at org.testng.internal.TestInvoker.invokeTestMethods(TestInvoker.java:146)
at org.testng.internal.TestMethodWorker.invokeTestMethods(TestMethodWorker.java:146)
at org.testng.internal.TestMethodWorker.run(TestMethodWorker.java:128)
at java.base/java.util.concurrent.ThreadPoolExecutor.runWorker(ThreadPoolExecutor.java:1144)
at java.base/java.util.concurrent.ThreadPoolExecutor$Worker.run(ThreadPoolExecutor.java:642)
at java.base/java.lang.Thread.run(Thread.java:1589)
]]>
            </full-stacktrace>
          </exception> <!-- org.openqa.selenium.NoSuchElementException -->
          <reporter-output>
          </reporter-output>
        </test-method> <!-- loginBtText -->
        <test-method is-config="true" signature="logout(org.testng.ITestResult)[pri:0, instance:AakashVeloity.LoginPageTestAakash@327514f]" started-at="2023-03-13T10:52:19 IST" name="logout" finished-at="2023-03-13T10:52:21 IST" duration-ms="2369" status="PASS">
          <params>
            <param index="0">
              <value>
                <![CDATA[[TestResult name=loginBtText status=FAILURE method=LoginPageTestAakash.loginBtText()[pri:0, instance:AakashVeloity.LoginPageTestAakash@327514f] output={null}]]]>
              </value>
            </param>
          </params>
          <reporter-output>
          </reporter-output>
        </test-method> <!-- logout -->
        <test-method is-config="true" signature="SetUp()[pri:0, instance:AakashVeloity.LoginPageTestAakash@327514f]" started-at="2023-03-13T10:52:21 IST" name="SetUp" finished-at="2023-03-13T10:52:22 IST" duration-ms="582" status="PASS">
          <reporter-output>
          </reporter-output>
        </test-method> <!-- SetUp -->
        <test-method signature="loginpageTitleTest()[pri:1, instance:AakashVeloity.LoginPageTestAakash@327514f]" started-at="2023-03-13T10:52:22 IST" name="loginpageTitleTest" finished-at="2023-03-13T10:52:22 IST" duration-ms="3" status="PASS">
          <reporter-output>
          </reporter-output>
        </test-method> <!-- loginpageTitleTest -->
        <test-method is-config="true" signature="logout(org.testng.ITestResult)[pri:0, instance:AakashVeloity.LoginPageTestAakash@327514f]" started-at="2023-03-13T10:52:22 IST" name="logout" finished-at="2023-03-13T10:52:24 IST" duration-ms="2297" status="PASS">
          <params>
            <param index="0">
              <value>
                <![CDATA[[TestResult name=loginpageTitleTest status=SUCCESS method=LoginPageTestAakash.loginpageTitleTest()[pri:1, instance:AakashVeloity.LoginPageTestAakash@327514f] output={null}]]]>
              </value>
            </param>
          </params>
          <reporter-output>
          </reporter-output>
        </test-method> <!-- logout -->
        <test-method is-config="true" signature="SetUp()[pri:0, instance:AakashVeloity.LoginPageTestAakash@327514f]" started-at="2023-03-13T10:52:24 IST" name="SetUp" finished-at="2023-03-13T10:52:25 IST" duration-ms="490" status="PASS">
          <reporter-output>
          </reporter-output>
        </test-method> <!-- SetUp -->
        <test-method signature="loginPageURL()[pri:2, instance:AakashVeloity.LoginPageTestAakash@327514f]" started-at="2023-03-13T10:52:25 IST" name="loginPageURL" finished-at="2023-03-13T10:52:25 IST" duration-ms="3" status="FAIL">
          <exception class="java.lang.AssertionError">
            <message>
              <![CDATA[The following asserts failed:
expected [https://rahulshettyacademy.com/client/auth/login] but found [https://rahulshettyacademy.com/client/dashboard/dash]]]>
            </message>
            <full-stacktrace>
              <![CDATA[java.lang.AssertionError: The following asserts failed:
expected [https://rahulshettyacademy.com/client/auth/login] but found [https://rahulshettyacademy.com/client/dashboard/dash]
at org.testng.asserts.SoftAssert.assertAll(SoftAssert.java:47)
at org.testng.asserts.SoftAssert.assertAll(SoftAssert.java:31)
at AakashVeloity.LoginPageTestAakash.loginPageURL(LoginPageTestAakash.java:111)
at java.base/jdk.internal.reflect.DirectMethodHandleAccessor.invoke(DirectMethodHandleAccessor.java:104)
at java.base/java.lang.reflect.Method.invoke(Method.java:578)
at org.testng.internal.MethodInvocationHelper.invokeMethod(MethodInvocationHelper.java:133)
at org.testng.internal.TestInvoker.invokeMethod(TestInvoker.java:598)
at org.testng.internal.TestInvoker.invokeTestMethod(TestInvoker.java:173)
at org.testng.internal.MethodRunner.runInSequence(MethodRunner.java:46)
at org.testng.internal.TestInvoker$MethodInvocationAgent.invoke(TestInvoker.java:824)
at org.testng.internal.TestInvoker.invokeTestMethods(TestInvoker.java:146)
at org.testng.internal.TestMethodWorker.invokeTestMethods(TestMethodWorker.java:146)
at org.testng.internal.TestMethodWorker.run(TestMethodWorker.java:128)
at java.base/java.util.concurrent.ThreadPoolExecutor.runWorker(ThreadPoolExecutor.java:1144)
at java.base/java.util.concurrent.ThreadPoolExecutor$Worker.run(ThreadPoolExecutor.java:642)
at java.base/java.lang.Thread.run(Thread.java:1589)
]]>
            </full-stacktrace>
          </exception> <!-- java.lang.AssertionError -->
          <reporter-output>
          </reporter-output>
        </test-method> <!-- loginPageURL -->
        <test-method is-config="true" signature="logout(org.testng.ITestResult)[pri:0, instance:AakashVeloity.LoginPageTestAakash@327514f]" started-at="2023-03-13T10:52:25 IST" name="logout" finished-at="2023-03-13T10:52:27 IST" duration-ms="2341" status="PASS">
          <params>
            <param index="0">
              <value>
                <![CDATA[[TestResult name=loginPageURL status=FAILURE method=LoginPageTestAakash.loginPageURL()[pri:2, instance:AakashVeloity.LoginPageTestAakash@327514f] output={null}]]]>
              </value>
            </param>
          </params>
          <reporter-output>
          </reporter-output>
        </test-method> <!-- logout -->
        <test-method is-config="true" signature="clearObjects()[pri:0, instance:AakashVeloity.LoginPageTestAakash@327514f]" started-at="2023-03-13T10:52:27 IST" name="clearObjects" finished-at="2023-03-13T10:52:27 IST" duration-ms="0" status="PASS">
          <reporter-output>
          </reporter-output>
        </test-method> <!-- clearObjects -->
        <test-method is-config="true" signature="CloseBrowser()[pri:0, instance:AakashVeloity.LoginPageTestAakash@327514f]" started-at="2023-03-13T10:52:28 IST" name="CloseBrowser" finished-at="2023-03-13T10:52:29 IST" duration-ms="767" status="PASS">
          <reporter-output>
          </reporter-output>
        </test-method> <!-- CloseBrowser -->
      </class> <!-- AakashVeloity.LoginPageTestAakash -->
    </test> <!-- FirefoxTest -->
    <test started-at="2023-03-13T10:52:29 IST" name="EdgeTest" finished-at="2023-03-13T10:52:49 IST" duration-ms="20174">
      <class name="AakashVeloity.HomePageTestAakash">
        <test-method is-config="true" signature="launchBrowser(java.lang.String)[pri:0, instance:AakashVeloity.HomePageTestAakash@5542c4ed]" started-at="2023-03-13T10:52:29 IST" name="launchBrowser" finished-at="2023-03-13T10:52:30 IST" duration-ms="1585" status="PASS">
          <params>
            <param index="0">
              <value>
                <![CDATA[Edge]]>
              </value>
            </param>
          </params>
          <reporter-output>
          </reporter-output>
        </test-method> <!-- launchBrowser -->
        <test-method is-config="true" signature="SetUp()[pri:0, instance:AakashVeloity.HomePageTestAakash@5542c4ed]" started-at="2023-03-13T10:52:33 IST" name="SetUp" finished-at="2023-03-13T10:52:35 IST" duration-ms="2079" status="PASS">
          <reporter-output>
          </reporter-output>
        </test-method> <!-- SetUp -->
        <test-method is-config="true" signature="createPOMObject()[pri:0, instance:AakashVeloity.HomePageTestAakash@5542c4ed]" started-at="2023-03-13T10:52:33 IST" name="createPOMObject" finished-at="2023-03-13T10:52:33 IST" duration-ms="0" status="PASS">
          <reporter-output>
          </reporter-output>
        </test-method> <!-- createPOMObject -->
        <test-method signature="homepageTitleTest()[pri:1, instance:AakashVeloity.HomePageTestAakash@5542c4ed]" started-at="2023-03-13T10:52:35 IST" name="homepageTitleTest" finished-at="2023-03-13T10:52:35 IST" duration-ms="82" status="PASS">
          <reporter-output>
          </reporter-output>
        </test-method> <!-- homepageTitleTest -->
        <test-method is-config="true" signature="logout(org.testng.ITestResult)[pri:0, instance:AakashVeloity.HomePageTestAakash@5542c4ed]" started-at="2023-03-13T10:52:35 IST" name="logout" finished-at="2023-03-13T10:52:37 IST" duration-ms="2423" status="PASS">
          <params>
            <param index="0">
              <value>
                <![CDATA[[TestResult name=homepageTitleTest status=SUCCESS method=HomePageTestAakash.homepageTitleTest()[pri:1, instance:AakashVeloity.HomePageTestAakash@5542c4ed] output={null}]]]>
              </value>
            </param>
          </params>
          <reporter-output>
          </reporter-output>
        </test-method> <!-- logout -->
        <test-method is-config="true" signature="SetUp()[pri:0, instance:AakashVeloity.HomePageTestAakash@5542c4ed]" started-at="2023-03-13T10:52:37 IST" name="SetUp" finished-at="2023-03-13T10:52:38 IST" duration-ms="693" status="PASS">
          <reporter-output>
          </reporter-output>
        </test-method> <!-- SetUp -->
        <test-method signature="homePageURL()[pri:2, instance:AakashVeloity.HomePageTestAakash@5542c4ed]" started-at="2023-03-13T10:52:38 IST" name="homePageURL" finished-at="2023-03-13T10:52:38 IST" duration-ms="15" status="PASS">
          <reporter-output>
          </reporter-output>
        </test-method> <!-- homePageURL -->
        <test-method is-config="true" signature="logout(org.testng.ITestResult)[pri:0, instance:AakashVeloity.HomePageTestAakash@5542c4ed]" started-at="2023-03-13T10:52:38 IST" name="logout" finished-at="2023-03-13T10:52:40 IST" duration-ms="2272" status="PASS">
          <params>
            <param index="0">
              <value>
                <![CDATA[[TestResult name=homePageURL status=SUCCESS method=HomePageTestAakash.homePageURL()[pri:2, instance:AakashVeloity.HomePageTestAakash@5542c4ed] output={null}]]]>
              </value>
            </param>
          </params>
          <reporter-output>
          </reporter-output>
        </test-method> <!-- logout -->
        <test-method is-config="true" signature="SetUp()[pri:0, instance:AakashVeloity.HomePageTestAakash@5542c4ed]" started-at="2023-03-13T10:52:40 IST" name="SetUp" finished-at="2023-03-13T10:52:41 IST" duration-ms="322" status="PASS">
          <reporter-output>
          </reporter-output>
        </test-method> <!-- SetUp -->
        <test-method signature="logoTest()[pri:3, instance:AakashVeloity.HomePageTestAakash@5542c4ed]" started-at="2023-03-13T10:52:41 IST" name="logoTest" finished-at="2023-03-13T10:52:41 IST" duration-ms="182" status="PASS">
          <reporter-output>
          </reporter-output>
        </test-method> <!-- logoTest -->
        <test-method is-config="true" signature="logout(org.testng.ITestResult)[pri:0, instance:AakashVeloity.HomePageTestAakash@5542c4ed]" started-at="2023-03-13T10:52:41 IST" name="logout" finished-at="2023-03-13T10:52:43 IST" duration-ms="2107" status="PASS">
          <params>
            <param index="0">
              <value>
                <![CDATA[[TestResult name=logoTest status=SUCCESS method=HomePageTestAakash.logoTest()[pri:3, instance:AakashVeloity.HomePageTestAakash@5542c4ed] output={null}]]]>
              </value>
            </param>
          </params>
          <reporter-output>
          </reporter-output>
        </test-method> <!-- logout -->
        <test-method is-config="true" signature="SetUp()[pri:0, instance:AakashVeloity.HomePageTestAakash@5542c4ed]" started-at="2023-03-13T10:52:43 IST" name="SetUp" finished-at="2023-03-13T10:52:43 IST" duration-ms="341" status="PASS">
          <reporter-output>
          </reporter-output>
        </test-method> <!-- SetUp -->
        <test-method signature="addToCartCart()[pri:4, instance:AakashVeloity.HomePageTestAakash@5542c4ed]" started-at="2023-03-13T10:52:43 IST" name="addToCartCart" finished-at="2023-03-13T10:52:44 IST" duration-ms="260" status="PASS">
          <reporter-output>
          </reporter-output>
        </test-method> <!-- addToCartCart -->
        <test-method is-config="true" signature="logout(org.testng.ITestResult)[pri:0, instance:AakashVeloity.HomePageTestAakash@5542c4ed]" started-at="2023-03-13T10:52:44 IST" name="logout" finished-at="2023-03-13T10:52:46 IST" duration-ms="2104" status="PASS">
          <params>
            <param index="0">
              <value>
                <![CDATA[[TestResult name=addToCartCart status=SUCCESS method=HomePageTestAakash.addToCartCart()[pri:4, instance:AakashVeloity.HomePageTestAakash@5542c4ed] output={null}]]]>
              </value>
            </param>
          </params>
          <reporter-output>
          </reporter-output>
        </test-method> <!-- logout -->
        <test-method is-config="true" signature="SetUp()[pri:0, instance:AakashVeloity.HomePageTestAakash@5542c4ed]" started-at="2023-03-13T10:52:46 IST" name="SetUp" finished-at="2023-03-13T10:52:46 IST" duration-ms="336" status="PASS">
          <reporter-output>
          </reporter-output>
        </test-method> <!-- SetUp -->
        <test-method signature="clickCart()[pri:5, instance:AakashVeloity.HomePageTestAakash@5542c4ed]" started-at="2023-03-13T10:52:46 IST" name="clickCart" finished-at="2023-03-13T10:52:46 IST" duration-ms="226" status="PASS">
          <reporter-output>
          </reporter-output>
        </test-method> <!-- clickCart -->
        <test-method is-config="true" signature="logout(org.testng.ITestResult)[pri:0, instance:AakashVeloity.HomePageTestAakash@5542c4ed]" started-at="2023-03-13T10:52:46 IST" name="logout" finished-at="2023-03-13T10:52:48 IST" duration-ms="2071" status="PASS">
          <params>
            <param index="0">
              <value>
                <![CDATA[[TestResult name=clickCart status=SUCCESS method=HomePageTestAakash.clickCart()[pri:5, instance:AakashVeloity.HomePageTestAakash@5542c4ed] output={null}]]]>
              </value>
            </param>
          </params>
          <reporter-output>
          </reporter-output>
        </test-method> <!-- logout -->
        <test-method is-config="true" signature="clearObjects()[pri:0, instance:AakashVeloity.HomePageTestAakash@5542c4ed]" started-at="2023-03-13T10:52:48 IST" name="clearObjects" finished-at="2023-03-13T10:52:48 IST" duration-ms="0" status="PASS">
          <reporter-output>
          </reporter-output>
        </test-method> <!-- clearObjects -->
        <test-method is-config="true" signature="CloseBrowser()[pri:0, instance:AakashVeloity.HomePageTestAakash@5542c4ed]" started-at="2023-03-13T10:52:48 IST" name="CloseBrowser" finished-at="2023-03-13T10:52:48 IST" duration-ms="231" status="PASS">
          <reporter-output>
          </reporter-output>
        </test-method> <!-- CloseBrowser -->
      </class> <!-- AakashVeloity.HomePageTestAakash -->
      <class name="AakashVeloity.LoginPageTestAakash">
        <test-method is-config="true" signature="launchBrowser(java.lang.String)[pri:0, instance:AakashVeloity.LoginPageTestAakash@815b41f]" started-at="2023-03-13T10:52:30 IST" name="launchBrowser" finished-at="2023-03-13T10:52:33 IST" duration-ms="2601" status="PASS">
          <params>
            <param index="0">
              <value>
                <![CDATA[Edge]]>
              </value>
            </param>
          </params>
          <reporter-output>
          </reporter-output>
        </test-method> <!-- launchBrowser -->
        <test-method is-config="true" signature="SetUp()[pri:0, instance:AakashVeloity.LoginPageTestAakash@815b41f]" started-at="2023-03-13T10:52:33 IST" name="SetUp" finished-at="2023-03-13T10:52:35 IST" duration-ms="2128" status="PASS">
          <reporter-output>
          </reporter-output>
        </test-method> <!-- SetUp -->
        <test-method is-config="true" signature="createPOMObject()[pri:0, instance:AakashVeloity.LoginPageTestAakash@815b41f]" started-at="2023-03-13T10:52:33 IST" name="createPOMObject" finished-at="2023-03-13T10:52:33 IST" duration-ms="0" status="PASS">
          <reporter-output>
          </reporter-output>
        </test-method> <!-- createPOMObject -->
        <test-method signature="loginBtText()[pri:0, instance:AakashVeloity.LoginPageTestAakash@815b41f]" started-at="2023-03-13T10:52:35 IST" name="loginBtText" finished-at="2023-03-13T10:52:36 IST" duration-ms="649" status="PASS">
          <reporter-output>
          </reporter-output>
        </test-method> <!-- loginBtText -->
        <test-method is-config="true" signature="logout(org.testng.ITestResult)[pri:0, instance:AakashVeloity.LoginPageTestAakash@815b41f]" started-at="2023-03-13T10:52:36 IST" name="logout" finished-at="2023-03-13T10:52:38 IST" duration-ms="2130" status="PASS">
          <params>
            <param index="0">
              <value>
                <![CDATA[[TestResult name=loginBtText status=SUCCESS method=LoginPageTestAakash.loginBtText()[pri:0, instance:AakashVeloity.LoginPageTestAakash@815b41f] output={null}]]]>
              </value>
            </param>
          </params>
          <reporter-output>
          </reporter-output>
        </test-method> <!-- logout -->
        <test-method is-config="true" signature="SetUp()[pri:0, instance:AakashVeloity.LoginPageTestAakash@815b41f]" started-at="2023-03-13T10:52:38 IST" name="SetUp" finished-at="2023-03-13T10:52:38 IST" duration-ms="815" status="PASS">
          <reporter-output>
          </reporter-output>
        </test-method> <!-- SetUp -->
        <test-method signature="loginpageTitleTest()[pri:1, instance:AakashVeloity.LoginPageTestAakash@815b41f]" started-at="2023-03-13T10:52:38 IST" name="loginpageTitleTest" finished-at="2023-03-13T10:52:38 IST" duration-ms="5" status="PASS">
          <reporter-output>
          </reporter-output>
        </test-method> <!-- loginpageTitleTest -->
        <test-method is-config="true" signature="logout(org.testng.ITestResult)[pri:0, instance:AakashVeloity.LoginPageTestAakash@815b41f]" started-at="2023-03-13T10:52:38 IST" name="logout" finished-at="2023-03-13T10:52:41 IST" duration-ms="2213" status="PASS">
          <params>
            <param index="0">
              <value>
                <![CDATA[[TestResult name=loginpageTitleTest status=SUCCESS method=LoginPageTestAakash.loginpageTitleTest()[pri:1, instance:AakashVeloity.LoginPageTestAakash@815b41f] output={null}]]]>
              </value>
            </param>
          </params>
          <reporter-output>
          </reporter-output>
        </test-method> <!-- logout -->
        <test-method is-config="true" signature="SetUp()[pri:0, instance:AakashVeloity.LoginPageTestAakash@815b41f]" started-at="2023-03-13T10:52:41 IST" name="SetUp" finished-at="2023-03-13T10:52:41 IST" duration-ms="447" status="PASS">
          <reporter-output>
          </reporter-output>
        </test-method> <!-- SetUp -->
        <test-method signature="loginPageURL()[pri:2, instance:AakashVeloity.LoginPageTestAakash@815b41f]" started-at="2023-03-13T10:52:41 IST" name="loginPageURL" finished-at="2023-03-13T10:52:41 IST" duration-ms="15" status="PASS">
          <reporter-output>
          </reporter-output>
        </test-method> <!-- loginPageURL -->
        <test-method is-config="true" signature="logout(org.testng.ITestResult)[pri:0, instance:AakashVeloity.LoginPageTestAakash@815b41f]" started-at="2023-03-13T10:52:41 IST" name="logout" finished-at="2023-03-13T10:52:43 IST" duration-ms="2215" status="PASS">
          <params>
            <param index="0">
              <value>
                <![CDATA[[TestResult name=loginPageURL status=SUCCESS method=LoginPageTestAakash.loginPageURL()[pri:2, instance:AakashVeloity.LoginPageTestAakash@815b41f] output={null}]]]>
              </value>
            </param>
          </params>
          <reporter-output>
          </reporter-output>
        </test-method> <!-- logout -->
        <test-method is-config="true" signature="clearObjects()[pri:0, instance:AakashVeloity.LoginPageTestAakash@815b41f]" started-at="2023-03-13T10:52:43 IST" name="clearObjects" finished-at="2023-03-13T10:52:43 IST" duration-ms="0" status="PASS">
          <reporter-output>
          </reporter-output>
        </test-method> <!-- clearObjects -->
        <test-method is-config="true" signature="CloseBrowser()[pri:0, instance:AakashVeloity.LoginPageTestAakash@815b41f]" started-at="2023-03-13T10:52:48 IST" name="CloseBrowser" finished-at="2023-03-13T10:52:49 IST" duration-ms="232" status="PASS">
          <reporter-output>
          </reporter-output>
        </test-method> <!-- CloseBrowser -->
      </class> <!-- AakashVeloity.LoginPageTestAakash -->
    </test> <!-- EdgeTest -->
  </suite> <!-- Suite -->
</testng-results>
