<?xml version="1.0" encoding="UTF-8"?>
<testng-results ignored="0" total="24" passed="21" failed="3" skipped="0">
  <reporter-output>
  </reporter-output>
  <suite started-at="2023-03-13T15:32:33 IST" name="Suite" finished-at="2023-03-13T15:33:52 IST" duration-ms="78343">
    <groups>
    </groups>
    <test started-at="2023-03-13T15:32:33 IST" name="ChromeBrowser" finished-at="2023-03-13T15:32:56 IST" duration-ms="22881">
      <class name="AakashVeloity.HomePageTestAakash">
        <test-method is-config="true" signature="launchBrowser(java.lang.String)[pri:0, instance:AakashVeloity.HomePageTestAakash@47eaca72]" started-at="2023-03-13T15:32:33 IST" name="launchBrowser" finished-at="2023-03-13T15:32:36 IST" duration-ms="2244" status="PASS">
          <params>
            <param index="0">
              <value>
                <![CDATA[Chrome]]>
              </value>
            </param>
          </params>
          <reporter-output>
          </reporter-output>
        </test-method> <!-- launchBrowser -->
        <test-method is-config="true" signature="createPOMObject()[pri:0, instance:AakashVeloity.HomePageTestAakash@47eaca72]" started-at="2023-03-13T15:32:37 IST" name="createPOMObject" finished-at="2023-03-13T15:32:37 IST" duration-ms="39" status="PASS">
          <reporter-output>
          </reporter-output>
        </test-method> <!-- createPOMObject -->
        <test-method is-config="true" signature="SetUp()[pri:0, instance:AakashVeloity.HomePageTestAakash@47eaca72]" started-at="2023-03-13T15:32:37 IST" name="SetUp" finished-at="2023-03-13T15:32:40 IST" duration-ms="3134" status="PASS">
          <reporter-output>
          </reporter-output>
        </test-method> <!-- SetUp -->
        <test-method signature="homepageTitleTest()[pri:1, instance:AakashVeloity.HomePageTestAakash@47eaca72]" started-at="2023-03-13T15:32:40 IST" name="homepageTitleTest" finished-at="2023-03-13T15:32:40 IST" duration-ms="37" status="PASS">
          <reporter-output>
          </reporter-output>
        </test-method> <!-- homepageTitleTest -->
        <test-method is-config="true" signature="logout(org.testng.ITestResult)[pri:0, instance:AakashVeloity.HomePageTestAakash@47eaca72]" started-at="2023-03-13T15:32:40 IST" name="logout" finished-at="2023-03-13T15:32:43 IST" duration-ms="2628" status="PASS">
          <params>
            <param index="0">
              <value>
                <![CDATA[[TestResult name=homepageTitleTest status=SUCCESS method=HomePageTestAakash.homepageTitleTest()[pri:1, instance:AakashVeloity.HomePageTestAakash@47eaca72] output={null}]]]>
              </value>
            </param>
          </params>
          <reporter-output>
          </reporter-output>
        </test-method> <!-- logout -->
        <test-method is-config="true" signature="SetUp()[pri:0, instance:AakashVeloity.HomePageTestAakash@47eaca72]" started-at="2023-03-13T15:32:43 IST" name="SetUp" finished-at="2023-03-13T15:32:44 IST" duration-ms="920" status="PASS">
          <reporter-output>
          </reporter-output>
        </test-method> <!-- SetUp -->
        <test-method signature="homePageURL()[pri:2, instance:AakashVeloity.HomePageTestAakash@47eaca72]" started-at="2023-03-13T15:32:44 IST" name="homePageURL" finished-at="2023-03-13T15:32:44 IST" duration-ms="9" status="PASS">
          <reporter-output>
          </reporter-output>
        </test-method> <!-- homePageURL -->
        <test-method is-config="true" signature="logout(org.testng.ITestResult)[pri:0, instance:AakashVeloity.HomePageTestAakash@47eaca72]" started-at="2023-03-13T15:32:44 IST" name="logout" finished-at="2023-03-13T15:32:46 IST" duration-ms="2402" status="PASS">
          <params>
            <param index="0">
              <value>
                <![CDATA[[TestResult name=homePageURL status=SUCCESS method=HomePageTestAakash.homePageURL()[pri:2, instance:AakashVeloity.HomePageTestAakash@47eaca72] output={null}]]]>
              </value>
            </param>
          </params>
          <reporter-output>
          </reporter-output>
        </test-method> <!-- logout -->
        <test-method is-config="true" signature="SetUp()[pri:0, instance:AakashVeloity.HomePageTestAakash@47eaca72]" started-at="2023-03-13T15:32:46 IST" name="SetUp" finished-at="2023-03-13T15:32:47 IST" duration-ms="986" status="PASS">
          <reporter-output>
          </reporter-output>
        </test-method> <!-- SetUp -->
        <test-method signature="logoTest()[pri:3, instance:AakashVeloity.HomePageTestAakash@47eaca72]" started-at="2023-03-13T15:32:47 IST" name="logoTest" finished-at="2023-03-13T15:32:47 IST" duration-ms="185" status="PASS">
          <reporter-output>
          </reporter-output>
        </test-method> <!-- logoTest -->
        <test-method is-config="true" signature="logout(org.testng.ITestResult)[pri:0, instance:AakashVeloity.HomePageTestAakash@47eaca72]" started-at="2023-03-13T15:32:47 IST" name="logout" finished-at="2023-03-13T15:32:50 IST" duration-ms="2119" status="PASS">
          <params>
            <param index="0">
              <value>
                <![CDATA[[TestResult name=logoTest status=SUCCESS method=HomePageTestAakash.logoTest()[pri:3, instance:AakashVeloity.HomePageTestAakash@47eaca72] output={null}]]]>
              </value>
            </param>
          </params>
          <reporter-output>
          </reporter-output>
        </test-method> <!-- logout -->
        <test-method is-config="true" signature="SetUp()[pri:0, instance:AakashVeloity.HomePageTestAakash@47eaca72]" started-at="2023-03-13T15:32:50 IST" name="SetUp" finished-at="2023-03-13T15:32:50 IST" duration-ms="607" status="PASS">
          <reporter-output>
          </reporter-output>
        </test-method> <!-- SetUp -->
        <test-method signature="addToCartCart()[pri:4, instance:AakashVeloity.HomePageTestAakash@47eaca72]" started-at="2023-03-13T15:32:50 IST" name="addToCartCart" finished-at="2023-03-13T15:32:50 IST" duration-ms="379" status="PASS">
          <reporter-output>
          </reporter-output>
        </test-method> <!-- addToCartCart -->
        <test-method is-config="true" signature="logout(org.testng.ITestResult)[pri:0, instance:AakashVeloity.HomePageTestAakash@47eaca72]" started-at="2023-03-13T15:32:50 IST" name="logout" finished-at="2023-03-13T15:32:53 IST" duration-ms="2180" status="PASS">
          <params>
            <param index="0">
              <value>
                <![CDATA[[TestResult name=addToCartCart status=SUCCESS method=HomePageTestAakash.addToCartCart()[pri:4, instance:AakashVeloity.HomePageTestAakash@47eaca72] output={null}]]]>
              </value>
            </param>
          </params>
          <reporter-output>
          </reporter-output>
        </test-method> <!-- logout -->
        <test-method is-config="true" signature="SetUp()[pri:0, instance:AakashVeloity.HomePageTestAakash@47eaca72]" started-at="2023-03-13T15:32:53 IST" name="SetUp" finished-at="2023-03-13T15:32:53 IST" duration-ms="657" status="PASS">
          <reporter-output>
          </reporter-output>
        </test-method> <!-- SetUp -->
        <test-method signature="clickCart()[pri:5, instance:AakashVeloity.HomePageTestAakash@47eaca72]" started-at="2023-03-13T15:32:53 IST" name="clickCart" finished-at="2023-03-13T15:32:54 IST" duration-ms="362" status="PASS">
          <reporter-output>
          </reporter-output>
        </test-method> <!-- clickCart -->
        <test-method is-config="true" signature="logout(org.testng.ITestResult)[pri:0, instance:AakashVeloity.HomePageTestAakash@47eaca72]" started-at="2023-03-13T15:32:54 IST" name="logout" finished-at="2023-03-13T15:32:56 IST" duration-ms="2162" status="PASS">
          <params>
            <param index="0">
              <value>
                <![CDATA[[TestResult name=clickCart status=SUCCESS method=HomePageTestAakash.clickCart()[pri:5, instance:AakashVeloity.HomePageTestAakash@47eaca72] output={null}]]]>
              </value>
            </param>
          </params>
          <reporter-output>
          </reporter-output>
        </test-method> <!-- logout -->
        <test-method is-config="true" signature="clearObjects()[pri:0, instance:AakashVeloity.HomePageTestAakash@47eaca72]" started-at="2023-03-13T15:32:56 IST" name="clearObjects" finished-at="2023-03-13T15:32:56 IST" duration-ms="1" status="PASS">
          <reporter-output>
          </reporter-output>
        </test-method> <!-- clearObjects -->
        <test-method is-config="true" signature="CloseBrowser()[pri:0, instance:AakashVeloity.HomePageTestAakash@47eaca72]" started-at="2023-03-13T15:32:56 IST" name="CloseBrowser" finished-at="2023-03-13T15:32:56 IST" duration-ms="286" status="PASS">
          <reporter-output>
          </reporter-output>
        </test-method> <!-- CloseBrowser -->
      </class> <!-- AakashVeloity.HomePageTestAakash -->
      <class name="AakashVeloity.LoginPageTestAakash">
        <test-method is-config="true" signature="launchBrowser(java.lang.String)[pri:0, instance:AakashVeloity.LoginPageTestAakash@7c7b252e]" started-at="2023-03-13T15:32:36 IST" name="launchBrowser" finished-at="2023-03-13T15:32:37 IST" duration-ms="1251" status="PASS">
          <params>
            <param index="0">
              <value>
                <![CDATA[Chrome]]>
              </value>
            </param>
          </params>
          <reporter-output>
          </reporter-output>
        </test-method> <!-- launchBrowser -->
        <test-method is-config="true" signature="createPOMObject()[pri:0, instance:AakashVeloity.LoginPageTestAakash@7c7b252e]" started-at="2023-03-13T15:32:37 IST" name="createPOMObject" finished-at="2023-03-13T15:32:37 IST" duration-ms="44" status="PASS">
          <reporter-output>
          </reporter-output>
        </test-method> <!-- createPOMObject -->
        <test-method is-config="true" signature="SetUp()[pri:0, instance:AakashVeloity.LoginPageTestAakash@7c7b252e]" started-at="2023-03-13T15:32:37 IST" name="SetUp" finished-at="2023-03-13T15:32:40 IST" duration-ms="3134" status="PASS">
          <reporter-output>
          </reporter-output>
        </test-method> <!-- SetUp -->
        <test-method signature="loginBtText()[pri:0, instance:AakashVeloity.LoginPageTestAakash@7c7b252e]" started-at="2023-03-13T15:32:40 IST" name="loginBtText" finished-at="2023-03-13T15:32:41 IST" duration-ms="630" status="PASS">
          <reporter-output>
          </reporter-output>
        </test-method> <!-- loginBtText -->
        <test-method is-config="true" signature="logout(org.testng.ITestResult)[pri:0, instance:AakashVeloity.LoginPageTestAakash@7c7b252e]" started-at="2023-03-13T15:32:41 IST" name="logout" finished-at="2023-03-13T15:32:43 IST" duration-ms="2196" status="PASS">
          <params>
            <param index="0">
              <value>
                <![CDATA[[TestResult name=loginBtText status=SUCCESS method=LoginPageTestAakash.loginBtText()[pri:0, instance:AakashVeloity.LoginPageTestAakash@7c7b252e] output={null}]]]>
              </value>
            </param>
          </params>
          <reporter-output>
          </reporter-output>
        </test-method> <!-- logout -->
        <test-method is-config="true" signature="SetUp()[pri:0, instance:AakashVeloity.LoginPageTestAakash@7c7b252e]" started-at="2023-03-13T15:32:43 IST" name="SetUp" finished-at="2023-03-13T15:32:44 IST" duration-ms="1070" status="PASS">
          <reporter-output>
          </reporter-output>
        </test-method> <!-- SetUp -->
        <test-method signature="loginpageTitleTest()[pri:1, instance:AakashVeloity.LoginPageTestAakash@7c7b252e]" started-at="2023-03-13T15:32:44 IST" name="loginpageTitleTest" finished-at="2023-03-13T15:32:44 IST" duration-ms="9" status="PASS">
          <reporter-output>
          </reporter-output>
        </test-method> <!-- loginpageTitleTest -->
        <test-method is-config="true" signature="logout(org.testng.ITestResult)[pri:0, instance:AakashVeloity.LoginPageTestAakash@7c7b252e]" started-at="2023-03-13T15:32:44 IST" name="logout" finished-at="2023-03-13T15:32:46 IST" duration-ms="2369" status="PASS">
          <params>
            <param index="0">
              <value>
                <![CDATA[[TestResult name=loginpageTitleTest status=SUCCESS method=LoginPageTestAakash.loginpageTitleTest()[pri:1, instance:AakashVeloity.LoginPageTestAakash@7c7b252e] output={null}]]]>
              </value>
            </param>
          </params>
          <reporter-output>
          </reporter-output>
        </test-method> <!-- logout -->
        <test-method is-config="true" signature="SetUp()[pri:0, instance:AakashVeloity.LoginPageTestAakash@7c7b252e]" started-at="2023-03-13T15:32:46 IST" name="SetUp" finished-at="2023-03-13T15:32:47 IST" duration-ms="1019" status="PASS">
          <reporter-output>
          </reporter-output>
        </test-method> <!-- SetUp -->
        <test-method signature="loginPageURL()[pri:2, instance:AakashVeloity.LoginPageTestAakash@7c7b252e]" started-at="2023-03-13T15:32:47 IST" name="loginPageURL" finished-at="2023-03-13T15:32:48 IST" duration-ms="16" status="PASS">
          <reporter-output>
          </reporter-output>
        </test-method> <!-- loginPageURL -->
        <test-method is-config="true" signature="logout(org.testng.ITestResult)[pri:0, instance:AakashVeloity.LoginPageTestAakash@7c7b252e]" started-at="2023-03-13T15:32:48 IST" name="logout" finished-at="2023-03-13T15:32:50 IST" duration-ms="2261" status="PASS">
          <params>
            <param index="0">
              <value>
                <![CDATA[[TestResult name=loginPageURL status=SUCCESS method=LoginPageTestAakash.loginPageURL()[pri:2, instance:AakashVeloity.LoginPageTestAakash@7c7b252e] output={null}]]]>
              </value>
            </param>
          </params>
          <reporter-output>
          </reporter-output>
        </test-method> <!-- logout -->
        <test-method is-config="true" signature="clearObjects()[pri:0, instance:AakashVeloity.LoginPageTestAakash@7c7b252e]" started-at="2023-03-13T15:32:50 IST" name="clearObjects" finished-at="2023-03-13T15:32:50 IST" duration-ms="0" status="PASS">
          <reporter-output>
          </reporter-output>
        </test-method> <!-- clearObjects -->
        <test-method is-config="true" signature="CloseBrowser()[pri:0, instance:AakashVeloity.LoginPageTestAakash@7c7b252e]" started-at="2023-03-13T15:32:56 IST" name="CloseBrowser" finished-at="2023-03-13T15:32:56 IST" duration-ms="202" status="PASS">
          <reporter-output>
          </reporter-output>
        </test-method> <!-- CloseBrowser -->
      </class> <!-- AakashVeloity.LoginPageTestAakash -->
    </test> <!-- ChromeBrowser -->
    <test started-at="2023-03-13T15:32:56 IST" name="FirefoxTest" finished-at="2023-03-13T15:33:28 IST" duration-ms="32024">
      <class name="AakashVeloity.HomePageTestAakash">
        <test-method is-config="true" signature="launchBrowser(java.lang.String)[pri:0, instance:AakashVeloity.HomePageTestAakash@5b12b668]" started-at="2023-03-13T15:32:56 IST" name="launchBrowser" finished-at="2023-03-13T15:33:00 IST" duration-ms="3566" status="PASS">
          <params>
            <param index="0">
              <value>
                <![CDATA[Firefox]]>
              </value>
            </param>
          </params>
          <reporter-output>
          </reporter-output>
        </test-method> <!-- launchBrowser -->
        <test-method is-config="true" signature="createPOMObject()[pri:0, instance:AakashVeloity.HomePageTestAakash@5b12b668]" started-at="2023-03-13T15:33:03 IST" name="createPOMObject" finished-at="2023-03-13T15:33:03 IST" duration-ms="12" status="PASS">
          <reporter-output>
          </reporter-output>
        </test-method> <!-- createPOMObject -->
        <test-method is-config="true" signature="SetUp()[pri:0, instance:AakashVeloity.HomePageTestAakash@5b12b668]" started-at="2023-03-13T15:33:03 IST" name="SetUp" finished-at="2023-03-13T15:33:05 IST" duration-ms="2413" status="PASS">
          <reporter-output>
          </reporter-output>
        </test-method> <!-- SetUp -->
        <test-method signature="homepageTitleTest()[pri:1, instance:AakashVeloity.HomePageTestAakash@5b12b668]" started-at="2023-03-13T15:33:05 IST" name="homepageTitleTest" finished-at="2023-03-13T15:33:05 IST" duration-ms="7" status="PASS">
          <reporter-output>
          </reporter-output>
        </test-method> <!-- homepageTitleTest -->
        <test-method is-config="true" signature="logout(org.testng.ITestResult)[pri:0, instance:AakashVeloity.HomePageTestAakash@5b12b668]" started-at="2023-03-13T15:33:05 IST" name="logout" finished-at="2023-03-13T15:33:08 IST" duration-ms="2346" status="PASS">
          <params>
            <param index="0">
              <value>
                <![CDATA[[TestResult name=homepageTitleTest status=SUCCESS method=HomePageTestAakash.homepageTitleTest()[pri:1, instance:AakashVeloity.HomePageTestAakash@5b12b668] output={null}]]]>
              </value>
            </param>
          </params>
          <reporter-output>
          </reporter-output>
        </test-method> <!-- logout -->
        <test-method is-config="true" signature="SetUp()[pri:0, instance:AakashVeloity.HomePageTestAakash@5b12b668]" started-at="2023-03-13T15:33:08 IST" name="SetUp" finished-at="2023-03-13T15:33:08 IST" duration-ms="703" status="PASS">
          <reporter-output>
          </reporter-output>
        </test-method> <!-- SetUp -->
        <test-method signature="homePageURL()[pri:2, instance:AakashVeloity.HomePageTestAakash@5b12b668]" started-at="2023-03-13T15:33:08 IST" name="homePageURL" finished-at="2023-03-13T15:33:08 IST" duration-ms="11" status="FAIL">
          <exception class="java.lang.AssertionError">
            <message>
              <![CDATA[The following asserts failed:
expected [https://rahulshettyacademy.com/client/auth/login] but found [https://rahulshettyacademy.com/client/dashboard/dash]]]>
            </message>
            <full-stacktrace>
              <![CDATA[java.lang.AssertionError: The following asserts failed:
expected [https://rahulshettyacademy.com/client/auth/login] but found [https://rahulshettyacademy.com/client/dashboard/dash]
at org.testng.asserts.SoftAssert.assertAll(SoftAssert.java:47)
at org.testng.asserts.SoftAssert.assertAll(SoftAssert.java:31)
at AakashVeloity.HomePageTestAakash.homePageURL(HomePageTestAakash.java:96)
at java.base/jdk.internal.reflect.DirectMethodHandleAccessor.invoke(DirectMethodHandleAccessor.java:104)
at java.base/java.lang.reflect.Method.invoke(Method.java:578)
at org.testng.internal.MethodInvocationHelper.invokeMethod(MethodInvocationHelper.java:133)
at org.testng.internal.TestInvoker.invokeMethod(TestInvoker.java:598)
at org.testng.internal.TestInvoker.invokeTestMethod(TestInvoker.java:173)
at org.testng.internal.MethodRunner.runInSequence(MethodRunner.java:46)
at org.testng.internal.TestInvoker$MethodInvocationAgent.invoke(TestInvoker.java:824)
at org.testng.internal.TestInvoker.invokeTestMethods(TestInvoker.java:146)
at org.testng.internal.TestMethodWorker.invokeTestMethods(TestMethodWorker.java:146)
at org.testng.internal.TestMethodWorker.run(TestMethodWorker.java:128)
at java.base/java.util.concurrent.ThreadPoolExecutor.runWorker(ThreadPoolExecutor.java:1144)
at java.base/java.util.concurrent.ThreadPoolExecutor$Worker.run(ThreadPoolExecutor.java:642)
at java.base/java.lang.Thread.run(Thread.java:1589)
]]>
            </full-stacktrace>
          </exception> <!-- java.lang.AssertionError -->
          <reporter-output>
          </reporter-output>
        </test-method> <!-- homePageURL -->
        <test-method is-config="true" signature="logout(org.testng.ITestResult)[pri:0, instance:AakashVeloity.HomePageTestAakash@5b12b668]" started-at="2023-03-13T15:33:08 IST" name="logout" finished-at="2023-03-13T15:33:11 IST" duration-ms="2534" status="PASS">
          <params>
            <param index="0">
              <value>
                <![CDATA[[TestResult name=homePageURL status=FAILURE method=HomePageTestAakash.homePageURL()[pri:2, instance:AakashVeloity.HomePageTestAakash@5b12b668] output={null}]]]>
              </value>
            </param>
          </params>
          <reporter-output>
          </reporter-output>
        </test-method> <!-- logout -->
        <test-method is-config="true" signature="SetUp()[pri:0, instance:AakashVeloity.HomePageTestAakash@5b12b668]" started-at="2023-03-13T15:33:11 IST" name="SetUp" finished-at="2023-03-13T15:33:12 IST" duration-ms="737" status="PASS">
          <reporter-output>
          </reporter-output>
        </test-method> <!-- SetUp -->
        <test-method signature="logoTest()[pri:3, instance:AakashVeloity.HomePageTestAakash@5b12b668]" started-at="2023-03-13T15:33:12 IST" name="logoTest" finished-at="2023-03-13T15:33:12 IST" duration-ms="77" status="PASS">
          <reporter-output>
          </reporter-output>
        </test-method> <!-- logoTest -->
        <test-method is-config="true" signature="logout(org.testng.ITestResult)[pri:0, instance:AakashVeloity.HomePageTestAakash@5b12b668]" started-at="2023-03-13T15:33:12 IST" name="logout" finished-at="2023-03-13T15:33:14 IST" duration-ms="2310" status="PASS">
          <params>
            <param index="0">
              <value>
                <![CDATA[[TestResult name=logoTest status=SUCCESS method=HomePageTestAakash.logoTest()[pri:3, instance:AakashVeloity.HomePageTestAakash@5b12b668] output={null}]]]>
              </value>
            </param>
          </params>
          <reporter-output>
          </reporter-output>
        </test-method> <!-- logout -->
        <test-method is-config="true" signature="SetUp()[pri:0, instance:AakashVeloity.HomePageTestAakash@5b12b668]" started-at="2023-03-13T15:33:14 IST" name="SetUp" finished-at="2023-03-13T15:33:15 IST" duration-ms="773" status="PASS">
          <reporter-output>
          </reporter-output>
        </test-method> <!-- SetUp -->
        <test-method signature="addToCartCart()[pri:4, instance:AakashVeloity.HomePageTestAakash@5b12b668]" started-at="2023-03-13T15:33:15 IST" name="addToCartCart" finished-at="2023-03-13T15:33:15 IST" duration-ms="414" status="PASS">
          <reporter-output>
          </reporter-output>
        </test-method> <!-- addToCartCart -->
        <test-method is-config="true" signature="logout(org.testng.ITestResult)[pri:0, instance:AakashVeloity.HomePageTestAakash@5b12b668]" started-at="2023-03-13T15:33:15 IST" name="logout" finished-at="2023-03-13T15:33:18 IST" duration-ms="2351" status="PASS">
          <params>
            <param index="0">
              <value>
                <![CDATA[[TestResult name=addToCartCart status=SUCCESS method=HomePageTestAakash.addToCartCart()[pri:4, instance:AakashVeloity.HomePageTestAakash@5b12b668] output={null}]]]>
              </value>
            </param>
          </params>
          <reporter-output>
          </reporter-output>
        </test-method> <!-- logout -->
        <test-method is-config="true" signature="SetUp()[pri:0, instance:AakashVeloity.HomePageTestAakash@5b12b668]" started-at="2023-03-13T15:33:18 IST" name="SetUp" finished-at="2023-03-13T15:33:18 IST" duration-ms="658" status="PASS">
          <reporter-output>
          </reporter-output>
        </test-method> <!-- SetUp -->
        <test-method signature="clickCart()[pri:5, instance:AakashVeloity.HomePageTestAakash@5b12b668]" started-at="2023-03-13T15:33:18 IST" name="clickCart" finished-at="2023-03-13T15:33:19 IST" duration-ms="365" status="PASS">
          <reporter-output>
          </reporter-output>
        </test-method> <!-- clickCart -->
        <test-method is-config="true" signature="logout(org.testng.ITestResult)[pri:0, instance:AakashVeloity.HomePageTestAakash@5b12b668]" started-at="2023-03-13T15:33:19 IST" name="logout" finished-at="2023-03-13T15:33:21 IST" duration-ms="2343" status="PASS">
          <params>
            <param index="0">
              <value>
                <![CDATA[[TestResult name=clickCart status=SUCCESS method=HomePageTestAakash.clickCart()[pri:5, instance:AakashVeloity.HomePageTestAakash@5b12b668] output={null}]]]>
              </value>
            </param>
          </params>
          <reporter-output>
          </reporter-output>
        </test-method> <!-- logout -->
        <test-method is-config="true" signature="clearObjects()[pri:0, instance:AakashVeloity.HomePageTestAakash@5b12b668]" started-at="2023-03-13T15:33:21 IST" name="clearObjects" finished-at="2023-03-13T15:33:21 IST" duration-ms="0" status="PASS">
          <reporter-output>
          </reporter-output>
        </test-method> <!-- clearObjects -->
        <test-method is-config="true" signature="CloseBrowser()[pri:0, instance:AakashVeloity.HomePageTestAakash@5b12b668]" started-at="2023-03-13T15:33:25 IST" name="CloseBrowser" finished-at="2023-03-13T15:33:27 IST" duration-ms="1945" status="PASS">
          <reporter-output>
          </reporter-output>
        </test-method> <!-- CloseBrowser -->
      </class> <!-- AakashVeloity.HomePageTestAakash -->
      <class name="AakashVeloity.LoginPageTestAakash">
        <test-method is-config="true" signature="launchBrowser(java.lang.String)[pri:0, instance:AakashVeloity.LoginPageTestAakash@327514f]" started-at="2023-03-13T15:33:00 IST" name="launchBrowser" finished-at="2023-03-13T15:33:03 IST" duration-ms="2844" status="PASS">
          <params>
            <param index="0">
              <value>
                <![CDATA[Firefox]]>
              </value>
            </param>
          </params>
          <reporter-output>
          </reporter-output>
        </test-method> <!-- launchBrowser -->
        <test-method is-config="true" signature="createPOMObject()[pri:0, instance:AakashVeloity.LoginPageTestAakash@327514f]" started-at="2023-03-13T15:33:03 IST" name="createPOMObject" finished-at="2023-03-13T15:33:03 IST" duration-ms="0" status="PASS">
          <reporter-output>
          </reporter-output>
        </test-method> <!-- createPOMObject -->
        <test-method is-config="true" signature="SetUp()[pri:0, instance:AakashVeloity.LoginPageTestAakash@327514f]" started-at="2023-03-13T15:33:03 IST" name="SetUp" finished-at="2023-03-13T15:33:05 IST" duration-ms="2531" status="PASS">
          <reporter-output>
          </reporter-output>
        </test-method> <!-- SetUp -->
        <test-method signature="loginBtText()[pri:0, instance:AakashVeloity.LoginPageTestAakash@327514f]" started-at="2023-03-13T15:33:05 IST" name="loginBtText" finished-at="2023-03-13T15:33:15 IST" duration-ms="10071" status="FAIL">
          <exception class="org.openqa.selenium.NoSuchElementException">
            <message>
              <![CDATA[Unable to locate element: //input[@name='login']
For documentation on this error, please visit: https://selenium.dev/exceptions/#no_such_element
Build info: version: '4.6.0', revision: '79f1c02ae20'
System info: os.name: 'Windows 11', os.arch: 'amd64', os.version: '10.0', java.version: '19.0.1'
Driver info: org.openqa.selenium.firefox.FirefoxDriver
Command: [1156362a-4c47-4af6-95ed-606b33e81086, findElement {using=xpath, value=//input[@name='login']}]
Capabilities {acceptInsecureCerts: true, browserName: firefox, browserVersion: 110.0.1, moz:accessibilityChecks: false, moz:buildID: 20230227191043, moz:debuggerAddress: 127.0.0.1:29296, moz:geckodriverVersion: 0.32.2, moz:headless: false, moz:platformVersion: 10.0, moz:processID: 8452, moz:profile: C:\Users\jumal\AppData\Loca..., moz:shutdownTimeout: 60000, moz:useNonSpecCompliantPointerOrigin: false, moz:webdriverClick: true, moz:windowless: false, pageLoadStrategy: normal, platformName: WINDOWS, proxy: Proxy(), se:cdp: ws://127.0.0.1:29296/devtoo..., se:cdpVersion: 85.0, setWindowRect: true, strictFileInteractability: false, timeouts: {implicit: 0, pageLoad: 300000, script: 30000}, unhandledPromptBehavior: dismiss and notify}
Session ID: 1156362a-4c47-4af6-95ed-606b33e81086]]>
            </message>
            <full-stacktrace>
              <![CDATA[org.openqa.selenium.NoSuchElementException: Unable to locate element: //input[@name='login']
For documentation on this error, please visit: https://selenium.dev/exceptions/#no_such_element
Build info: version: '4.6.0', revision: '79f1c02ae20'
System info: os.name: 'Windows 11', os.arch: 'amd64', os.version: '10.0', java.version: '19.0.1'
Driver info: org.openqa.selenium.firefox.FirefoxDriver
Command: [1156362a-4c47-4af6-95ed-606b33e81086, findElement {using=xpath, value=//input[@name='login']}]
Capabilities {acceptInsecureCerts: true, browserName: firefox, browserVersion: 110.0.1, moz:accessibilityChecks: false, moz:buildID: 20230227191043, moz:debuggerAddress: 127.0.0.1:29296, moz:geckodriverVersion: 0.32.2, moz:headless: false, moz:platformVersion: 10.0, moz:processID: 8452, moz:profile: C:\Users\jumal\AppData\Loca..., moz:shutdownTimeout: 60000, moz:useNonSpecCompliantPointerOrigin: false, moz:webdriverClick: true, moz:windowless: false, pageLoadStrategy: normal, platformName: WINDOWS, proxy: Proxy(), se:cdp: ws://127.0.0.1:29296/devtoo..., se:cdpVersion: 85.0, setWindowRect: true, strictFileInteractability: false, timeouts: {implicit: 0, pageLoad: 300000, script: 30000}, unhandledPromptBehavior: dismiss and notify}
Session ID: 1156362a-4c47-4af6-95ed-606b33e81086
at java.base/jdk.internal.reflect.DirectConstructorHandleAccessor.newInstance(DirectConstructorHandleAccessor.java:67)
at java.base/java.lang.reflect.Constructor.newInstanceWithCaller(Constructor.java:500)
at java.base/java.lang.reflect.Constructor.newInstance(Constructor.java:484)
at org.openqa.selenium.remote.codec.w3c.W3CHttpResponseCodec.createException(W3CHttpResponseCodec.java:200)
at org.openqa.selenium.remote.codec.w3c.W3CHttpResponseCodec.decode(W3CHttpResponseCodec.java:133)
at org.openqa.selenium.remote.codec.w3c.W3CHttpResponseCodec.decode(W3CHttpResponseCodec.java:53)
at org.openqa.selenium.remote.HttpCommandExecutor.execute(HttpCommandExecutor.java:184)
at org.openqa.selenium.remote.service.DriverCommandExecutor.invokeExecute(DriverCommandExecutor.java:167)
at org.openqa.selenium.remote.service.DriverCommandExecutor.execute(DriverCommandExecutor.java:142)
at org.openqa.selenium.remote.RemoteWebDriver.execute(RemoteWebDriver.java:541)
at org.openqa.selenium.remote.ElementLocation$ElementFinder$2.findElement(ElementLocation.java:162)
at org.openqa.selenium.remote.ElementLocation.findElement(ElementLocation.java:60)
at org.openqa.selenium.remote.RemoteWebDriver.findElement(RemoteWebDriver.java:365)
at org.openqa.selenium.remote.RemoteWebDriver.findElement(RemoteWebDriver.java:357)
at org.openqa.selenium.support.pagefactory.DefaultElementLocator.findElement(DefaultElementLocator.java:70)
at org.openqa.selenium.support.pagefactory.internal.LocatingElementHandler.invoke(LocatingElementHandler.java:39)
at jdk.proxy2/jdk.proxy2.$Proxy22.getAttribute(Unknown Source)
at com.crm.qa.pages.LoginPage2.validateLoginbtText(LoginPage2.java:57)
at AakashVeloity.LoginPageTestAakash.loginBtText(LoginPageTestAakash.java:88)
at java.base/jdk.internal.reflect.DirectMethodHandleAccessor.invoke(DirectMethodHandleAccessor.java:104)
at java.base/java.lang.reflect.Method.invoke(Method.java:578)
at org.testng.internal.MethodInvocationHelper.invokeMethod(MethodInvocationHelper.java:133)
at org.testng.internal.TestInvoker.invokeMethod(TestInvoker.java:598)
at org.testng.internal.TestInvoker.invokeTestMethod(TestInvoker.java:173)
at org.testng.internal.MethodRunner.runInSequence(MethodRunner.java:46)
at org.testng.internal.TestInvoker$MethodInvocationAgent.invoke(TestInvoker.java:824)
at org.testng.internal.TestInvoker.invokeTestMethods(TestInvoker.java:146)
at org.testng.internal.TestMethodWorker.invokeTestMethods(TestMethodWorker.java:146)
at org.testng.internal.TestMethodWorker.run(TestMethodWorker.java:128)
at java.base/java.util.concurrent.ThreadPoolExecutor.runWorker(ThreadPoolExecutor.java:1144)
at java.base/java.util.concurrent.ThreadPoolExecutor$Worker.run(ThreadPoolExecutor.java:642)
at java.base/java.lang.Thread.run(Thread.java:1589)
]]>
            </full-stacktrace>
          </exception> <!-- org.openqa.selenium.NoSuchElementException -->
          <reporter-output>
          </reporter-output>
        </test-method> <!-- loginBtText -->
        <test-method is-config="true" signature="logout(org.testng.ITestResult)[pri:0, instance:AakashVeloity.LoginPageTestAakash@327514f]" started-at="2023-03-13T15:33:15 IST" name="logout" finished-at="2023-03-13T15:33:18 IST" duration-ms="2557" status="PASS">
          <params>
            <param index="0">
              <value>
                <![CDATA[[TestResult name=loginBtText status=FAILURE method=LoginPageTestAakash.loginBtText()[pri:0, instance:AakashVeloity.LoginPageTestAakash@327514f] output={null}]]]>
              </value>
            </param>
          </params>
          <reporter-output>
          </reporter-output>
        </test-method> <!-- logout -->
        <test-method is-config="true" signature="SetUp()[pri:0, instance:AakashVeloity.LoginPageTestAakash@327514f]" started-at="2023-03-13T15:33:18 IST" name="SetUp" finished-at="2023-03-13T15:33:19 IST" duration-ms="962" status="PASS">
          <reporter-output>
          </reporter-output>
        </test-method> <!-- SetUp -->
        <test-method signature="loginpageTitleTest()[pri:1, instance:AakashVeloity.LoginPageTestAakash@327514f]" started-at="2023-03-13T15:33:19 IST" name="loginpageTitleTest" finished-at="2023-03-13T15:33:19 IST" duration-ms="5" status="PASS">
          <reporter-output>
          </reporter-output>
        </test-method> <!-- loginpageTitleTest -->
        <test-method is-config="true" signature="logout(org.testng.ITestResult)[pri:0, instance:AakashVeloity.LoginPageTestAakash@327514f]" started-at="2023-03-13T15:33:19 IST" name="logout" finished-at="2023-03-13T15:33:21 IST" duration-ms="2360" status="PASS">
          <params>
            <param index="0">
              <value>
                <![CDATA[[TestResult name=loginpageTitleTest status=SUCCESS method=LoginPageTestAakash.loginpageTitleTest()[pri:1, instance:AakashVeloity.LoginPageTestAakash@327514f] output={null}]]]>
              </value>
            </param>
          </params>
          <reporter-output>
          </reporter-output>
        </test-method> <!-- logout -->
        <test-method is-config="true" signature="SetUp()[pri:0, instance:AakashVeloity.LoginPageTestAakash@327514f]" started-at="2023-03-13T15:33:21 IST" name="SetUp" finished-at="2023-03-13T15:33:22 IST" duration-ms="665" status="PASS">
          <reporter-output>
          </reporter-output>
        </test-method> <!-- SetUp -->
        <test-method signature="loginPageURL()[pri:2, instance:AakashVeloity.LoginPageTestAakash@327514f]" started-at="2023-03-13T15:33:22 IST" name="loginPageURL" finished-at="2023-03-13T15:33:22 IST" duration-ms="4" status="FAIL">
          <exception class="java.lang.AssertionError">
            <message>
              <![CDATA[The following asserts failed:
expected [https://rahulshettyacademy.com/client/auth/login] but found [https://rahulshettyacademy.com/client/dashboard/dash]]]>
            </message>
            <full-stacktrace>
              <![CDATA[java.lang.AssertionError: The following asserts failed:
expected [https://rahulshettyacademy.com/client/auth/login] but found [https://rahulshettyacademy.com/client/dashboard/dash]
at org.testng.asserts.SoftAssert.assertAll(SoftAssert.java:47)
at org.testng.asserts.SoftAssert.assertAll(SoftAssert.java:31)
at AakashVeloity.LoginPageTestAakash.loginPageURL(LoginPageTestAakash.java:111)
at java.base/jdk.internal.reflect.DirectMethodHandleAccessor.invoke(DirectMethodHandleAccessor.java:104)
at java.base/java.lang.reflect.Method.invoke(Method.java:578)
at org.testng.internal.MethodInvocationHelper.invokeMethod(MethodInvocationHelper.java:133)
at org.testng.internal.TestInvoker.invokeMethod(TestInvoker.java:598)
at org.testng.internal.TestInvoker.invokeTestMethod(TestInvoker.java:173)
at org.testng.internal.MethodRunner.runInSequence(MethodRunner.java:46)
at org.testng.internal.TestInvoker$MethodInvocationAgent.invoke(TestInvoker.java:824)
at org.testng.internal.TestInvoker.invokeTestMethods(TestInvoker.java:146)
at org.testng.internal.TestMethodWorker.invokeTestMethods(TestMethodWorker.java:146)
at org.testng.internal.TestMethodWorker.run(TestMethodWorker.java:128)
at java.base/java.util.concurrent.ThreadPoolExecutor.runWorker(ThreadPoolExecutor.java:1144)
at java.base/java.util.concurrent.ThreadPoolExecutor$Worker.run(ThreadPoolExecutor.java:642)
at java.base/java.lang.Thread.run(Thread.java:1589)
]]>
            </full-stacktrace>
          </exception> <!-- java.lang.AssertionError -->
          <reporter-output>
          </reporter-output>
        </test-method> <!-- loginPageURL -->
        <test-method is-config="true" signature="logout(org.testng.ITestResult)[pri:0, instance:AakashVeloity.LoginPageTestAakash@327514f]" started-at="2023-03-13T15:33:22 IST" name="logout" finished-at="2023-03-13T15:33:25 IST" duration-ms="2643" status="PASS">
          <params>
            <param index="0">
              <value>
                <![CDATA[[TestResult name=loginPageURL status=FAILURE method=LoginPageTestAakash.loginPageURL()[pri:2, instance:AakashVeloity.LoginPageTestAakash@327514f] output={null}]]]>
              </value>
            </param>
          </params>
          <reporter-output>
          </reporter-output>
        </test-method> <!-- logout -->
        <test-method is-config="true" signature="clearObjects()[pri:0, instance:AakashVeloity.LoginPageTestAakash@327514f]" started-at="2023-03-13T15:33:25 IST" name="clearObjects" finished-at="2023-03-13T15:33:25 IST" duration-ms="1" status="PASS">
          <reporter-output>
          </reporter-output>
        </test-method> <!-- clearObjects -->
        <test-method is-config="true" signature="CloseBrowser()[pri:0, instance:AakashVeloity.LoginPageTestAakash@327514f]" started-at="2023-03-13T15:33:27 IST" name="CloseBrowser" finished-at="2023-03-13T15:33:28 IST" duration-ms="1854" status="PASS">
          <reporter-output>
          </reporter-output>
        </test-method> <!-- CloseBrowser -->
      </class> <!-- AakashVeloity.LoginPageTestAakash -->
    </test> <!-- FirefoxTest -->
    <test started-at="2023-03-13T15:33:28 IST" name="EdgeTest" finished-at="2023-03-13T15:33:52 IST" duration-ms="23378">
      <class name="AakashVeloity.HomePageTestAakash">
        <test-method is-config="true" signature="launchBrowser(java.lang.String)[pri:0, instance:AakashVeloity.HomePageTestAakash@5542c4ed]" started-at="2023-03-13T15:33:28 IST" name="launchBrowser" finished-at="2023-03-13T15:33:30 IST" duration-ms="1744" status="PASS">
          <params>
            <param index="0">
              <value>
                <![CDATA[Edge]]>
              </value>
            </param>
          </params>
          <reporter-output>
          </reporter-output>
        </test-method> <!-- launchBrowser -->
        <test-method is-config="true" signature="createPOMObject()[pri:0, instance:AakashVeloity.HomePageTestAakash@5542c4ed]" started-at="2023-03-13T15:33:33 IST" name="createPOMObject" finished-at="2023-03-13T15:33:33 IST" duration-ms="1" status="PASS">
          <reporter-output>
          </reporter-output>
        </test-method> <!-- createPOMObject -->
        <test-method is-config="true" signature="SetUp()[pri:0, instance:AakashVeloity.HomePageTestAakash@5542c4ed]" started-at="2023-03-13T15:33:33 IST" name="SetUp" finished-at="2023-03-13T15:33:35 IST" duration-ms="2445" status="PASS">
          <reporter-output>
          </reporter-output>
        </test-method> <!-- SetUp -->
        <test-method signature="homepageTitleTest()[pri:1, instance:AakashVeloity.HomePageTestAakash@5542c4ed]" started-at="2023-03-13T15:33:35 IST" name="homepageTitleTest" finished-at="2023-03-13T15:33:35 IST" duration-ms="5" status="PASS">
          <reporter-output>
          </reporter-output>
        </test-method> <!-- homepageTitleTest -->
        <test-method is-config="true" signature="logout(org.testng.ITestResult)[pri:0, instance:AakashVeloity.HomePageTestAakash@5542c4ed]" started-at="2023-03-13T15:33:35 IST" name="logout" finished-at="2023-03-13T15:33:38 IST" duration-ms="2716" status="PASS">
          <params>
            <param index="0">
              <value>
                <![CDATA[[TestResult name=homepageTitleTest status=SUCCESS method=HomePageTestAakash.homepageTitleTest()[pri:1, instance:AakashVeloity.HomePageTestAakash@5542c4ed] output={null}]]]>
              </value>
            </param>
          </params>
          <reporter-output>
          </reporter-output>
        </test-method> <!-- logout -->
        <test-method is-config="true" signature="SetUp()[pri:0, instance:AakashVeloity.HomePageTestAakash@5542c4ed]" started-at="2023-03-13T15:33:38 IST" name="SetUp" finished-at="2023-03-13T15:33:39 IST" duration-ms="908" status="PASS">
          <reporter-output>
          </reporter-output>
        </test-method> <!-- SetUp -->
        <test-method signature="homePageURL()[pri:2, instance:AakashVeloity.HomePageTestAakash@5542c4ed]" started-at="2023-03-13T15:33:39 IST" name="homePageURL" finished-at="2023-03-13T15:33:39 IST" duration-ms="28" status="PASS">
          <reporter-output>
          </reporter-output>
        </test-method> <!-- homePageURL -->
        <test-method is-config="true" signature="logout(org.testng.ITestResult)[pri:0, instance:AakashVeloity.HomePageTestAakash@5542c4ed]" started-at="2023-03-13T15:33:39 IST" name="logout" finished-at="2023-03-13T15:33:41 IST" duration-ms="2337" status="PASS">
          <params>
            <param index="0">
              <value>
                <![CDATA[[TestResult name=homePageURL status=SUCCESS method=HomePageTestAakash.homePageURL()[pri:2, instance:AakashVeloity.HomePageTestAakash@5542c4ed] output={null}]]]>
              </value>
            </param>
          </params>
          <reporter-output>
          </reporter-output>
        </test-method> <!-- logout -->
        <test-method is-config="true" signature="SetUp()[pri:0, instance:AakashVeloity.HomePageTestAakash@5542c4ed]" started-at="2023-03-13T15:33:41 IST" name="SetUp" finished-at="2023-03-13T15:33:42 IST" duration-ms="755" status="PASS">
          <reporter-output>
          </reporter-output>
        </test-method> <!-- SetUp -->
        <test-method signature="logoTest()[pri:3, instance:AakashVeloity.HomePageTestAakash@5542c4ed]" started-at="2023-03-13T15:33:42 IST" name="logoTest" finished-at="2023-03-13T15:33:42 IST" duration-ms="218" status="PASS">
          <reporter-output>
          </reporter-output>
        </test-method> <!-- logoTest -->
        <test-method is-config="true" signature="logout(org.testng.ITestResult)[pri:0, instance:AakashVeloity.HomePageTestAakash@5542c4ed]" started-at="2023-03-13T15:33:42 IST" name="logout" finished-at="2023-03-13T15:33:44 IST" duration-ms="2208" status="PASS">
          <params>
            <param index="0">
              <value>
                <![CDATA[[TestResult name=logoTest status=SUCCESS method=HomePageTestAakash.logoTest()[pri:3, instance:AakashVeloity.HomePageTestAakash@5542c4ed] output={null}]]]>
              </value>
            </param>
          </params>
          <reporter-output>
          </reporter-output>
        </test-method> <!-- logout -->
        <test-method is-config="true" signature="SetUp()[pri:0, instance:AakashVeloity.HomePageTestAakash@5542c4ed]" started-at="2023-03-13T15:33:44 IST" name="SetUp" finished-at="2023-03-13T15:33:45 IST" duration-ms="596" status="PASS">
          <reporter-output>
          </reporter-output>
        </test-method> <!-- SetUp -->
        <test-method signature="addToCartCart()[pri:4, instance:AakashVeloity.HomePageTestAakash@5542c4ed]" started-at="2023-03-13T15:33:45 IST" name="addToCartCart" finished-at="2023-03-13T15:33:45 IST" duration-ms="389" status="PASS">
          <reporter-output>
          </reporter-output>
        </test-method> <!-- addToCartCart -->
        <test-method is-config="true" signature="logout(org.testng.ITestResult)[pri:0, instance:AakashVeloity.HomePageTestAakash@5542c4ed]" started-at="2023-03-13T15:33:45 IST" name="logout" finished-at="2023-03-13T15:33:48 IST" duration-ms="2209" status="PASS">
          <params>
            <param index="0">
              <value>
                <![CDATA[[TestResult name=addToCartCart status=SUCCESS method=HomePageTestAakash.addToCartCart()[pri:4, instance:AakashVeloity.HomePageTestAakash@5542c4ed] output={null}]]]>
              </value>
            </param>
          </params>
          <reporter-output>
          </reporter-output>
        </test-method> <!-- logout -->
        <test-method is-config="true" signature="SetUp()[pri:0, instance:AakashVeloity.HomePageTestAakash@5542c4ed]" started-at="2023-03-13T15:33:48 IST" name="SetUp" finished-at="2023-03-13T15:33:49 IST" duration-ms="920" status="PASS">
          <reporter-output>
          </reporter-output>
        </test-method> <!-- SetUp -->
        <test-method signature="clickCart()[pri:5, instance:AakashVeloity.HomePageTestAakash@5542c4ed]" started-at="2023-03-13T15:33:49 IST" name="clickCart" finished-at="2023-03-13T15:33:49 IST" duration-ms="379" status="PASS">
          <reporter-output>
          </reporter-output>
        </test-method> <!-- clickCart -->
        <test-method is-config="true" signature="logout(org.testng.ITestResult)[pri:0, instance:AakashVeloity.HomePageTestAakash@5542c4ed]" started-at="2023-03-13T15:33:49 IST" name="logout" finished-at="2023-03-13T15:33:51 IST" duration-ms="2183" status="PASS">
          <params>
            <param index="0">
              <value>
                <![CDATA[[TestResult name=clickCart status=SUCCESS method=HomePageTestAakash.clickCart()[pri:5, instance:AakashVeloity.HomePageTestAakash@5542c4ed] output={null}]]]>
              </value>
            </param>
          </params>
          <reporter-output>
          </reporter-output>
        </test-method> <!-- logout -->
        <test-method is-config="true" signature="clearObjects()[pri:0, instance:AakashVeloity.HomePageTestAakash@5542c4ed]" started-at="2023-03-13T15:33:51 IST" name="clearObjects" finished-at="2023-03-13T15:33:51 IST" duration-ms="1" status="PASS">
          <reporter-output>
          </reporter-output>
        </test-method> <!-- clearObjects -->
        <test-method is-config="true" signature="CloseBrowser()[pri:0, instance:AakashVeloity.HomePageTestAakash@5542c4ed]" started-at="2023-03-13T15:33:51 IST" name="CloseBrowser" finished-at="2023-03-13T15:33:51 IST" duration-ms="340" status="PASS">
          <reporter-output>
          </reporter-output>
        </test-method> <!-- CloseBrowser -->
      </class> <!-- AakashVeloity.HomePageTestAakash -->
      <class name="AakashVeloity.LoginPageTestAakash">
        <test-method is-config="true" signature="launchBrowser(java.lang.String)[pri:0, instance:AakashVeloity.LoginPageTestAakash@815b41f]" started-at="2023-03-13T15:33:30 IST" name="launchBrowser" finished-at="2023-03-13T15:33:33 IST" duration-ms="2650" status="PASS">
          <params>
            <param index="0">
              <value>
                <![CDATA[Edge]]>
              </value>
            </param>
          </params>
          <reporter-output>
          </reporter-output>
        </test-method> <!-- launchBrowser -->
        <test-method is-config="true" signature="createPOMObject()[pri:0, instance:AakashVeloity.LoginPageTestAakash@815b41f]" started-at="2023-03-13T15:33:33 IST" name="createPOMObject" finished-at="2023-03-13T15:33:33 IST" duration-ms="3" status="PASS">
          <reporter-output>
          </reporter-output>
        </test-method> <!-- createPOMObject -->
        <test-method is-config="true" signature="SetUp()[pri:0, instance:AakashVeloity.LoginPageTestAakash@815b41f]" started-at="2023-03-13T15:33:33 IST" name="SetUp" finished-at="2023-03-13T15:33:35 IST" duration-ms="2471" status="PASS">
          <reporter-output>
          </reporter-output>
        </test-method> <!-- SetUp -->
        <test-method signature="loginBtText()[pri:0, instance:AakashVeloity.LoginPageTestAakash@815b41f]" started-at="2023-03-13T15:33:35 IST" name="loginBtText" finished-at="2023-03-13T15:33:36 IST" duration-ms="865" status="PASS">
          <reporter-output>
          </reporter-output>
        </test-method> <!-- loginBtText -->
        <test-method is-config="true" signature="logout(org.testng.ITestResult)[pri:0, instance:AakashVeloity.LoginPageTestAakash@815b41f]" started-at="2023-03-13T15:33:36 IST" name="logout" finished-at="2023-03-13T15:33:38 IST" duration-ms="2213" status="PASS">
          <params>
            <param index="0">
              <value>
                <![CDATA[[TestResult name=loginBtText status=SUCCESS method=LoginPageTestAakash.loginBtText()[pri:0, instance:AakashVeloity.LoginPageTestAakash@815b41f] output={null}]]]>
              </value>
            </param>
          </params>
          <reporter-output>
          </reporter-output>
        </test-method> <!-- logout -->
        <test-method is-config="true" signature="SetUp()[pri:0, instance:AakashVeloity.LoginPageTestAakash@815b41f]" started-at="2023-03-13T15:33:38 IST" name="SetUp" finished-at="2023-03-13T15:33:39 IST" duration-ms="1071" status="PASS">
          <reporter-output>
          </reporter-output>
        </test-method> <!-- SetUp -->
        <test-method signature="loginpageTitleTest()[pri:1, instance:AakashVeloity.LoginPageTestAakash@815b41f]" started-at="2023-03-13T15:33:39 IST" name="loginpageTitleTest" finished-at="2023-03-13T15:33:39 IST" duration-ms="15" status="PASS">
          <reporter-output>
          </reporter-output>
        </test-method> <!-- loginpageTitleTest -->
        <test-method is-config="true" signature="logout(org.testng.ITestResult)[pri:0, instance:AakashVeloity.LoginPageTestAakash@815b41f]" started-at="2023-03-13T15:33:39 IST" name="logout" finished-at="2023-03-13T15:33:42 IST" duration-ms="2365" status="PASS">
          <params>
            <param index="0">
              <value>
                <![CDATA[[TestResult name=loginpageTitleTest status=SUCCESS method=LoginPageTestAakash.loginpageTitleTest()[pri:1, instance:AakashVeloity.LoginPageTestAakash@815b41f] output={null}]]]>
              </value>
            </param>
          </params>
          <reporter-output>
          </reporter-output>
        </test-method> <!-- logout -->
        <test-method is-config="true" signature="SetUp()[pri:0, instance:AakashVeloity.LoginPageTestAakash@815b41f]" started-at="2023-03-13T15:33:42 IST" name="SetUp" finished-at="2023-03-13T15:33:43 IST" duration-ms="659" status="PASS">
          <reporter-output>
          </reporter-output>
        </test-method> <!-- SetUp -->
        <test-method signature="loginPageURL()[pri:2, instance:AakashVeloity.LoginPageTestAakash@815b41f]" started-at="2023-03-13T15:33:43 IST" name="loginPageURL" finished-at="2023-03-13T15:33:43 IST" duration-ms="21" status="PASS">
          <reporter-output>
          </reporter-output>
        </test-method> <!-- loginPageURL -->
        <test-method is-config="true" signature="logout(org.testng.ITestResult)[pri:0, instance:AakashVeloity.LoginPageTestAakash@815b41f]" started-at="2023-03-13T15:33:43 IST" name="logout" finished-at="2023-03-13T15:33:45 IST" duration-ms="2250" status="PASS">
          <params>
            <param index="0">
              <value>
                <![CDATA[[TestResult name=loginPageURL status=SUCCESS method=LoginPageTestAakash.loginPageURL()[pri:2, instance:AakashVeloity.LoginPageTestAakash@815b41f] output={null}]]]>
              </value>
            </param>
          </params>
          <reporter-output>
          </reporter-output>
        </test-method> <!-- logout -->
        <test-method is-config="true" signature="clearObjects()[pri:0, instance:AakashVeloity.LoginPageTestAakash@815b41f]" started-at="2023-03-13T15:33:45 IST" name="clearObjects" finished-at="2023-03-13T15:33:45 IST" duration-ms="0" status="PASS">
          <reporter-output>
          </reporter-output>
        </test-method> <!-- clearObjects -->
        <test-method is-config="true" signature="CloseBrowser()[pri:0, instance:AakashVeloity.LoginPageTestAakash@815b41f]" started-at="2023-03-13T15:33:51 IST" name="CloseBrowser" finished-at="2023-03-13T15:33:52 IST" duration-ms="318" status="PASS">
          <reporter-output>
          </reporter-output>
        </test-method> <!-- CloseBrowser -->
      </class> <!-- AakashVeloity.LoginPageTestAakash -->
    </test> <!-- EdgeTest -->
  </suite> <!-- Suite -->
</testng-results>
