<?xml version="1.0" encoding="UTF-8"?>
<!-- Generated by org.testng.reporters.JUnitXMLReporter -->
<testsuite ignored="0" hostname="KunalPC" failures="0" tests="8" name="ChromeBrowser" time="19.41" errors="0" timestamp="2023-03-13T11:27:23 IST">
  <testcase classname="AakashVeloity.HomePageTestAakash" name="homepageTitleTest" time="0.005"/>
  <testcase classname="AakashVeloity.LoginPageTestAakash" name="loginBtText" time="0.629"/>
  <testcase classname="AakashVeloity.LoginPageTestAakash" name="loginpageTitleTest" time="0.012"/>
  <testcase classname="AakashVeloity.HomePageTestAakash" name="homePageURL" time="0.007"/>
  <testcase classname="AakashVeloity.LoginPageTestAakash" name="loginPageURL" time="0.009"/>
  <testcase classname="AakashVeloity.HomePageTestAakash" name="logoTest" time="0.154"/>
  <testcase classname="AakashVeloity.HomePageTestAakash" name="addToCartCart" time="0.267"/>
  <testcase classname="AakashVeloity.HomePageTestAakash" name="clickCart" time="0.247"/>
</testsuite> <!-- ChromeBrowser -->
