<?xml version="1.0" encoding="UTF-8"?>
<!-- Generated by org.testng.reporters.JUnitXMLReporter -->
<testsuite ignored="0" hostname="KunalPC" failures="0" tests="8" name="ChromeBrowser" time="22.881" errors="0" timestamp="2023-03-13T15:32:56 IST">
  <testcase classname="AakashVeloity.HomePageTestAakash" name="homepageTitleTest" time="0.037"/>
  <testcase classname="AakashVeloity.LoginPageTestAakash" name="loginBtText" time="0.63"/>
  <testcase classname="AakashVeloity.HomePageTestAakash" name="homePageURL" time="0.009"/>
  <testcase classname="AakashVeloity.LoginPageTestAakash" name="loginpageTitleTest" time="0.009"/>
  <testcase classname="AakashVeloity.HomePageTestAakash" name="logoTest" time="0.185"/>
  <testcase classname="AakashVeloity.LoginPageTestAakash" name="loginPageURL" time="0.016"/>
  <testcase classname="AakashVeloity.HomePageTestAakash" name="addToCartCart" time="0.379"/>
  <testcase classname="AakashVeloity.HomePageTestAakash" name="clickCart" time="0.362"/>
</testsuite> <!-- ChromeBrowser -->
