<?xml version="1.0" encoding="UTF-8"?>
<!-- Generated by org.testng.reporters.JUnitXMLReporter -->
<testsuite ignored="0" hostname="KunalPC" failures="0" tests="8" name="EdgeTest" time="20.174" errors="0" timestamp="2023-03-13T10:52:49 IST">
  <testcase classname="AakashVeloity.HomePageTestAakash" name="homepageTitleTest" time="0.082"/>
  <testcase classname="AakashVeloity.LoginPageTestAakash" name="loginBtText" time="0.649"/>
  <testcase classname="AakashVeloity.HomePageTestAakash" name="homePageURL" time="0.015"/>
  <testcase classname="AakashVeloity.LoginPageTestAakash" name="loginpageTitleTest" time="0.005"/>
  <testcase classname="AakashVeloity.HomePageTestAakash" name="logoTest" time="0.182"/>
  <testcase classname="AakashVeloity.LoginPageTestAakash" name="loginPageURL" time="0.015"/>
  <testcase classname="AakashVeloity.HomePageTestAakash" name="addToCartCart" time="0.26"/>
  <testcase classname="AakashVeloity.HomePageTestAakash" name="clickCart" time="0.226"/>
</testsuite> <!-- EdgeTest -->
