<?xml version="1.0" encoding="UTF-8"?>
<!-- Generated by org.testng.reporters.JUnitXMLReporter -->
<testsuite ignored="0" hostname="KunalPC" failures="0" tests="8" name="EdgeTest" time="23.378" errors="0" timestamp="2023-03-13T15:33:52 IST">
  <testcase classname="AakashVeloity.HomePageTestAakash" name="homepageTitleTest" time="0.005"/>
  <testcase classname="AakashVeloity.LoginPageTestAakash" name="loginBtText" time="0.865"/>
  <testcase classname="AakashVeloity.HomePageTestAakash" name="homePageURL" time="0.028"/>
  <testcase classname="AakashVeloity.LoginPageTestAakash" name="loginpageTitleTest" time="0.015"/>
  <testcase classname="AakashVeloity.HomePageTestAakash" name="logoTest" time="0.218"/>
  <testcase classname="AakashVeloity.LoginPageTestAakash" name="loginPageURL" time="0.021"/>
  <testcase classname="AakashVeloity.HomePageTestAakash" name="addToCartCart" time="0.389"/>
  <testcase classname="AakashVeloity.HomePageTestAakash" name="clickCart" time="0.379"/>
</testsuite> <!-- EdgeTest -->
